Determining if the pthread_create exist failed with the following output:
Change Dir: /home/zach/src/AirSim/ros/build/simple_airsim_interface/CMakeFiles/CMakeTmp

Run Build Command:"/usr/bin/make" "cmTC_f643d/fast"
/usr/bin/make -f CMakeFiles/cmTC_f643d.dir/build.make CMakeFiles/cmTC_f643d.dir/build
make[1]: Entering directory '/home/zach/src/AirSim/ros/build/simple_airsim_interface/CMakeFiles/CMakeTmp'
Building C object CMakeFiles/cmTC_f643d.dir/CheckSymbolExists.c.o
/usr/bin/gcc-8    -o CMakeFiles/cmTC_f643d.dir/CheckSymbolExists.c.o   -c /home/zach/src/AirSim/ros/build/simple_airsim_interface/CMakeFiles/CMakeTmp/CheckSymbolExists.c
Linking C executable cmTC_f643d
/usr/bin/cmake -E cmake_link_script CMakeFiles/cmTC_f643d.dir/link.txt --verbose=1
/usr/bin/gcc-8      -rdynamic CMakeFiles/cmTC_f643d.dir/CheckSymbolExists.c.o  -o cmTC_f643d 
CMakeFiles/cmTC_f643d.dir/CheckSymbolExists.c.o: In function `main':
CheckSymbolExists.c:(.text+0x1b): undefined reference to `pthread_create'
collect2: error: ld returned 1 exit status
CMakeFiles/cmTC_f643d.dir/build.make:97: recipe for target 'cmTC_f643d' failed
make[1]: *** [cmTC_f643d] Error 1
make[1]: Leaving directory '/home/zach/src/AirSim/ros/build/simple_airsim_interface/CMakeFiles/CMakeTmp'
Makefile:126: recipe for target 'cmTC_f643d/fast' failed
make: *** [cmTC_f643d/fast] Error 2

File /home/zach/src/AirSim/ros/build/simple_airsim_interface/CMakeFiles/CMakeTmp/CheckSymbolExists.c:
/* */
#include <pthread.h>

int main(int argc, char** argv)
{
  (void)argv;
#ifndef pthread_create
  return ((int*)(&pthread_create))[argc];
#else
  (void)argc;
  return 0;
#endif
}

Determining if the function pthread_create exists in the pthreads failed with the following output:
Change Dir: /home/zach/src/AirSim/ros/build/simple_airsim_interface/CMakeFiles/CMakeTmp

Run Build Command:"/usr/bin/make" "cmTC_8d5df/fast"
/usr/bin/make -f CMakeFiles/cmTC_8d5df.dir/build.make CMakeFiles/cmTC_8d5df.dir/build
make[1]: Entering directory '/home/zach/src/AirSim/ros/build/simple_airsim_interface/CMakeFiles/CMakeTmp'
Building C object CMakeFiles/cmTC_8d5df.dir/CheckFunctionExists.c.o
/usr/bin/gcc-8   -DCHECK_FUNCTION_EXISTS=pthread_create   -o CMakeFiles/cmTC_8d5df.dir/CheckFunctionExists.c.o   -c /usr/share/cmake-3.10/Modules/CheckFunctionExists.c
Linking C executable cmTC_8d5df
/usr/bin/cmake -E cmake_link_script CMakeFiles/cmTC_8d5df.dir/link.txt --verbose=1
/usr/bin/gcc-8  -DCHECK_FUNCTION_EXISTS=pthread_create    -rdynamic CMakeFiles/cmTC_8d5df.dir/CheckFunctionExists.c.o  -o cmTC_8d5df -lpthreads 
/usr/bin/ld: cannot find -lpthreads
collect2: error: ld returned 1 exit status
CMakeFiles/cmTC_8d5df.dir/build.make:97: recipe for target 'cmTC_8d5df' failed
make[1]: *** [cmTC_8d5df] Error 1
make[1]: Leaving directory '/home/zach/src/AirSim/ros/build/simple_airsim_interface/CMakeFiles/CMakeTmp'
Makefile:126: recipe for target 'cmTC_8d5df/fast' failed
make: *** [cmTC_8d5df/fast] Error 2


