[  0%] Built target rosgraph_msgs_generate_messages_nodejs
[  0%] Built target airsim_car_ros_pkgs_generate_messages_py
[  0%] Built target airsim_car_ros_pkgs_generate_messages_nodejs
[  0%] Built target airsim_car_ros_pkgs_generate_messages_eus
[  0%] Built target std_msgs_generate_messages_nodejs
[  0%] Built target airsim_car_ros_pkgs_generate_messages_lisp
[  0%] Built target std_msgs_generate_messages_lisp
[  0%] Built target std_msgs_generate_messages_cpp
[  0%] Built target roscpp_generate_messages_cpp
[  0%] Built target airsim_car_ros_pkgs_generate_messages_cpp
[  0%] Built target roscpp_generate_messages_lisp
[  0%] Built target roscpp_generate_messages_eus
[  0%] Built target std_msgs_generate_messages_py
[  0%] Built target roscpp_generate_messages_nodejs
[  0%] Built target roscpp_generate_messages_py
[  0%] Built target rosgraph_msgs_generate_messages_cpp
[  0%] Built target rosgraph_msgs_generate_messages_eus
[  0%] Built target rosgraph_msgs_generate_messages_lisp
[  0%] Built target std_msgs_generate_messages_eus
[  0%] Built target rosgraph_msgs_generate_messages_py
[100%] Built target car_control
[36mInstall the project...[0m
-- Install configuration: "RelWithDebInfo"
-- Installing: /home/zach/src/AirSim/ros/install/_setup_util.py
-- Installing: /home/zach/src/AirSim/ros/install/env.sh
-- Installing: /home/zach/src/AirSim/ros/install/setup.bash
-- Installing: /home/zach/src/AirSim/ros/install/local_setup.bash
-- Installing: /home/zach/src/AirSim/ros/install/setup.sh
-- Installing: /home/zach/src/AirSim/ros/install/local_setup.sh
-- Installing: /home/zach/src/AirSim/ros/install/setup.zsh
-- Installing: /home/zach/src/AirSim/ros/install/local_setup.zsh
-- Installing: /home/zach/src/AirSim/ros/install/.rosinstall
-- Installing: /home/zach/src/AirSim/ros/install/lib/pkgconfig/shell_simulation.pc
-- Installing: /home/zach/src/AirSim/ros/install/share/shell_simulation/cmake/shell_simulationConfig.cmake
-- Up-to-date: /home/zach/src/AirSim/ros/install/share/shell_simulation/cmake/shell_simulationConfig-version.cmake
-- Installing: /home/zach/src/AirSim/ros/install/share/shell_simulation/package.xml
-- Up-to-date: /home/zach/src/AirSim/ros/install/lib/shell_simulation/car_control
CMake Error at cmake_install.cmake:167 (file):
  file INSTALL cannot find
  "/home/zach/src/AirSim/ros/src/shell_simulation/include/shell_simulation".


Makefile:128: recipe for target 'install' failed
make: *** [install] Error 1
