[01m[K/home/zach/src/AirSim/ros/src/shell_simulation/src/car_control.cpp:[m[K In function ‘[01m[Kint main(int, char**)[m[K’:
[01m[K/home/zach/src/AirSim/ros/src/shell_simulation/src/car_control.cpp:44:17:[m[K [01;31m[Kerror: [m[Kexpected identifier before numeric constant
     throttle = [[01;31m[K1.0[m[K, 0.0, 0.0, false, false, 0, true]
                 [01;31m[K^~~[m[K
[01m[K/home/zach/src/AirSim/ros/src/shell_simulation/src/car_control.cpp:44:20:[m[K [01;31m[Kerror: [m[Kexpected ‘[01m[K][m[K’ before ‘[01m[K,[m[K’ token
     throttle = [1.0[01;31m[K,[m[K 0.0, 0.0, false, false, 0, true]
                    [01;31m[K^[m[K
                    [32m[K][m[K
[01m[K/home/zach/src/AirSim/ros/src/shell_simulation/src/car_control.cpp:[m[K In lambda function:
[01m[K/home/zach/src/AirSim/ros/src/shell_simulation/src/car_control.cpp:44:20:[m[K [01;31m[Kerror: [m[Kexpected ‘[01m[K{[m[K’ before ‘[01m[K,[m[K’ token
[01m[K/home/zach/src/AirSim/ros/src/shell_simulation/src/car_control.cpp:[m[K In function ‘[01m[Kint main(int, char**)[m[K’:
[01m[K/home/zach/src/AirSim/ros/src/shell_simulation/src/car_control.cpp:44:20:[m[K [01;31m[Kerror: [m[Kno match for ‘[01m[Koperator=[m[K’ (operand types are ‘[01m[Kairsim_car_ros_pkgs::CarCmd[m[K’ {aka ‘[01m[Kairsim_car_ros_pkgs::CarCmd_<std::allocator<void> >[m[K’} and ‘[01m[Kmain(int, char**)::<lambda()>[m[K’)
In file included from [01m[K/home/zach/src/AirSim/ros/src/shell_simulation/src/car_control.cpp:2[m[K:
[01m[K/home/zach/src/AirSim/ros/install/include/airsim_car_ros_pkgs/CarCmd.h:22:8:[m[K [01;36m[Knote: [m[Kcandidate: ‘[01m[Kconstexpr airsim_car_ros_pkgs::CarCmd_<std::allocator<void> >& airsim_car_ros_pkgs::CarCmd_<std::allocator<void> >::operator=(const airsim_car_ros_pkgs::CarCmd_<std::allocator<void> >&)[m[K’
 struct [01;36m[KCarCmd_[m[K
        [01;36m[K^~~~~~~[m[K
[01m[K/home/zach/src/AirSim/ros/install/include/airsim_car_ros_pkgs/CarCmd.h:22:8:[m[K [01;36m[Knote: [m[K  no known conversion for argument 1 from ‘[01m[Kmain(int, char**)::<lambda()>[m[K’ to ‘[01m[Kconst airsim_car_ros_pkgs::CarCmd_<std::allocator<void> >&[m[K’
[01m[K/home/zach/src/AirSim/ros/install/include/airsim_car_ros_pkgs/CarCmd.h:22:8:[m[K [01;36m[Knote: [m[Kcandidate: ‘[01m[Kconstexpr airsim_car_ros_pkgs::CarCmd_<std::allocator<void> >& airsim_car_ros_pkgs::CarCmd_<std::allocator<void> >::operator=(airsim_car_ros_pkgs::CarCmd_<std::allocator<void> >&&)[m[K’
[01m[K/home/zach/src/AirSim/ros/install/include/airsim_car_ros_pkgs/CarCmd.h:22:8:[m[K [01;36m[Knote: [m[K  no known conversion for argument 1 from ‘[01m[Kmain(int, char**)::<lambda()>[m[K’ to ‘[01m[Kairsim_car_ros_pkgs::CarCmd_<std::allocator<void> >&&[m[K’
make[2]: *** [CMakeFiles/car_control.dir/src/car_control.cpp.o] Error 1
make[1]: *** [CMakeFiles/car_control.dir/all] Error 2
make: *** [all] Error 2
