[  0%] Built target std_msgs_generate_messages_nodejs
[  0%] Built target airsim_car_ros_pkgs_generate_messages_py
[  0%] Built target std_msgs_generate_messages_lisp
[  0%] Built target airsim_car_ros_pkgs_generate_messages_lisp
[  0%] Built target airsim_car_ros_pkgs_generate_messages_nodejs
[  0%] Built target rosgraph_msgs_generate_messages_nodejs
[  0%] Built target airsim_car_ros_pkgs_generate_messages_eus
[  0%] Built target std_msgs_generate_messages_cpp
[  0%] Built target roscpp_generate_messages_lisp
[  0%] Built target roscpp_generate_messages_py
[  0%] Built target std_msgs_generate_messages_py
[  0%] Built target roscpp_generate_messages_eus
[  0%] Built target airsim_car_ros_pkgs_generate_messages_cpp
[  0%] Built target roscpp_generate_messages_cpp
[  0%] Built target rosgraph_msgs_generate_messages_cpp
[  0%] Built target roscpp_generate_messages_nodejs
[  0%] Built target rosgraph_msgs_generate_messages_eus
[  0%] Built target rosgraph_msgs_generate_messages_lisp
[  0%] Built target rosgraph_msgs_generate_messages_py
[  0%] Built target std_msgs_generate_messages_eus
[35m[1mScanning dependencies of target car_control[0m
[ 50%] [32mBuilding CXX object CMakeFiles/car_control.dir/src/car_control.cpp.o[0m
[100%] [32m[1mLinking CXX executable /home/zach/src/AirSim/ros/devel/.private/shell_simulation/lib/shell_simulation/car_control[0m
[100%] Built target car_control
