Linked: (/home/zach/src/AirSim/ros/devel/.private/shell_simulation/lib/shell_simulation/image_process, /home/zach/src/AirSim/ros/devel/lib/shell_simulation/image_process)
Linked: (/home/zach/src/AirSim/ros/devel/.private/shell_simulation/lib/shell_simulation/car_control, /home/zach/src/AirSim/ros/devel/lib/shell_simulation/car_control)
Linked: (/home/zach/src/AirSim/ros/devel/.private/shell_simulation/lib/python2.7/dist-packages/shell_simulation/__init__.py, /home/zach/src/AirSim/ros/devel/lib/python2.7/dist-packages/shell_simulation/__init__.py)
Linked: (/home/zach/src/AirSim/ros/devel/.private/shell_simulation/lib/python2.7/dist-packages/shell_simulation/msg/__init__.py, /home/zach/src/AirSim/ros/devel/lib/python2.7/dist-packages/shell_simulation/msg/__init__.py)
Linked: (/home/zach/src/AirSim/ros/devel/.private/shell_simulation/lib/python2.7/dist-packages/shell_simulation/msg/_CarCmd.py, /home/zach/src/AirSim/ros/devel/lib/python2.7/dist-packages/shell_simulation/msg/_CarCmd.py)
Linked: (/home/zach/src/AirSim/ros/devel/.private/shell_simulation/lib/pkgconfig/shell_simulation.pc, /home/zach/src/AirSim/ros/devel/lib/pkgconfig/shell_simulation.pc)
Linked: (/home/zach/src/AirSim/ros/devel/.private/shell_simulation/share/shell_simulation/cmake/shell_simulationConfig.cmake, /home/zach/src/AirSim/ros/devel/share/shell_simulation/cmake/shell_simulationConfig.cmake)
Linked: (/home/zach/src/AirSim/ros/devel/.private/shell_simulation/share/shell_simulation/cmake/shell_simulationConfig-version.cmake, /home/zach/src/AirSim/ros/devel/share/shell_simulation/cmake/shell_simulationConfig-version.cmake)
Linked: (/home/zach/src/AirSim/ros/devel/.private/shell_simulation/share/shell_simulation/cmake/shell_simulation-msg-paths.cmake, /home/zach/src/AirSim/ros/devel/share/shell_simulation/cmake/shell_simulation-msg-paths.cmake)
Linked: (/home/zach/src/AirSim/ros/devel/.private/shell_simulation/share/shell_simulation/cmake/shell_simulation-msg-extras.cmake, /home/zach/src/AirSim/ros/devel/share/shell_simulation/cmake/shell_simulation-msg-extras.cmake)
Linked: (/home/zach/src/AirSim/ros/devel/.private/shell_simulation/share/common-lisp/ros/shell_simulation/msg/CarCmd.lisp, /home/zach/src/AirSim/ros/devel/share/common-lisp/ros/shell_simulation/msg/CarCmd.lisp)
Linked: (/home/zach/src/AirSim/ros/devel/.private/shell_simulation/share/common-lisp/ros/shell_simulation/msg/_package_CarCmd.lisp, /home/zach/src/AirSim/ros/devel/share/common-lisp/ros/shell_simulation/msg/_package_CarCmd.lisp)
Linked: (/home/zach/src/AirSim/ros/devel/.private/shell_simulation/share/common-lisp/ros/shell_simulation/msg/shell_simulation-msg.asd, /home/zach/src/AirSim/ros/devel/share/common-lisp/ros/shell_simulation/msg/shell_simulation-msg.asd)
Linked: (/home/zach/src/AirSim/ros/devel/.private/shell_simulation/share/common-lisp/ros/shell_simulation/msg/_package.lisp, /home/zach/src/AirSim/ros/devel/share/common-lisp/ros/shell_simulation/msg/_package.lisp)
Linked: (/home/zach/src/AirSim/ros/devel/.private/shell_simulation/share/gennodejs/ros/shell_simulation/_index.js, /home/zach/src/AirSim/ros/devel/share/gennodejs/ros/shell_simulation/_index.js)
Linked: (/home/zach/src/AirSim/ros/devel/.private/shell_simulation/share/gennodejs/ros/shell_simulation/msg/CarCmd.js, /home/zach/src/AirSim/ros/devel/share/gennodejs/ros/shell_simulation/msg/CarCmd.js)
Linked: (/home/zach/src/AirSim/ros/devel/.private/shell_simulation/share/gennodejs/ros/shell_simulation/msg/_index.js, /home/zach/src/AirSim/ros/devel/share/gennodejs/ros/shell_simulation/msg/_index.js)
Linked: (/home/zach/src/AirSim/ros/devel/.private/shell_simulation/share/roseus/ros/shell_simulation/manifest.l, /home/zach/src/AirSim/ros/devel/share/roseus/ros/shell_simulation/manifest.l)
Linked: (/home/zach/src/AirSim/ros/devel/.private/shell_simulation/share/roseus/ros/shell_simulation/msg/CarCmd.l, /home/zach/src/AirSim/ros/devel/share/roseus/ros/shell_simulation/msg/CarCmd.l)
Linked: (/home/zach/src/AirSim/ros/devel/.private/shell_simulation/include/shell_simulation/CarCmd.h, /home/zach/src/AirSim/ros/devel/include/shell_simulation/CarCmd.h)
