CMakeFiles/car_control.dir/src/car_control.cpp.o: In function `ros::Publisher ros::NodeHandle::advertise<airsim_car_ros_pkgs::CarCmd_<std::allocator<void> > >(std::__cxx11::basic_string<char, std::char_traits<char>, std::allocator<char> > const&, unsigned int, bool)':
/opt/ros/melodic/include/ros/node_handle.h:254: undefined reference to `ros::NodeHandle::advertise(ros::AdvertiseOptions&)'
CMakeFiles/car_control.dir/src/car_control.cpp.o: In function `ros::SerializedMessage ros::serialization::serializeMessage<airsim_car_ros_pkgs::CarCmd_<std::allocator<void> > >(airsim_car_ros_pkgs::CarCmd_<std::allocator<void> > const&)':
/opt/ros/melodic/include/ros/serialization.h:681: undefined reference to `ros::serialization::throwStreamOverrun()'
/opt/ros/melodic/include/ros/serialization.h:681: undefined reference to `ros::serialization::throwStreamOverrun()'
/opt/ros/melodic/include/ros/serialization.h:681: undefined reference to `ros::serialization::throwStreamOverrun()'
/opt/ros/melodic/include/ros/serialization.h:681: undefined reference to `ros::serialization::throwStreamOverrun()'
/opt/ros/melodic/include/ros/serialization.h:681: undefined reference to `ros::serialization::throwStreamOverrun()'
CMakeFiles/car_control.dir/src/car_control.cpp.o:/opt/ros/melodic/include/ros/serialization.h:681: more undefined references to `ros::serialization::throwStreamOverrun()' follow
CMakeFiles/car_control.dir/src/car_control.cpp.o: In function `main':
/home/zach/src/AirSim/ros/src/shell_simulation/src/car_control.cpp:28: undefined reference to `ros::Publisher::~Publisher()'
/home/zach/src/AirSim/ros/src/shell_simulation/src/car_control.cpp:9: undefined reference to `ros::NodeHandle::~NodeHandle()'
/home/zach/src/AirSim/ros/src/shell_simulation/src/car_control.cpp:7: undefined reference to `ros::init(int&, char**, std::__cxx11::basic_string<char, std::char_traits<char>, std::allocator<char> > const&, unsigned int)'
/home/zach/src/AirSim/ros/src/shell_simulation/src/car_control.cpp:9: undefined reference to `ros::NodeHandle::NodeHandle(std::__cxx11::basic_string<char, std::char_traits<char>, std::allocator<char> > const&, std::map<std::__cxx11::basic_string<char, std::char_traits<char>, std::allocator<char> >, std::__cxx11::basic_string<char, std::char_traits<char>, std::allocator<char> >, std::less<std::__cxx11::basic_string<char, std::char_traits<char>, std::allocator<char> > >, std::allocator<std::pair<std::__cxx11::basic_string<char, std::char_traits<char>, std::allocator<char> > const, std::__cxx11::basic_string<char, std::char_traits<char>, std::allocator<char> > > > > const&)'
/home/zach/src/AirSim/ros/src/shell_simulation/src/car_control.cpp:30: undefined reference to `ros::Rate::Rate(double)'
CMakeFiles/car_control.dir/src/car_control.cpp.o: In function `main':
/opt/ros/melodic/include/ros/publisher.h:107: undefined reference to `ros::Publisher::Impl::isValid() const'
/opt/ros/melodic/include/ros/publisher.h:119: undefined reference to `ros::Publisher::publish(boost::function<ros::SerializedMessage ()> const&, ros::SerializedMessage&) const'
CMakeFiles/car_control.dir/src/car_control.cpp.o: In function `main':
/home/zach/src/AirSim/ros/src/shell_simulation/src/car_control.cpp:52: undefined reference to `ros::spinOnce()'
/home/zach/src/AirSim/ros/src/shell_simulation/src/car_control.cpp:54: undefined reference to `ros::Rate::sleep()'
/home/zach/src/AirSim/ros/src/shell_simulation/src/car_control.cpp:37: undefined reference to `ros::ok()'
/home/zach/src/AirSim/ros/src/shell_simulation/src/car_control.cpp:28: undefined reference to `ros::Publisher::~Publisher()'
/home/zach/src/AirSim/ros/src/shell_simulation/src/car_control.cpp:9: undefined reference to `ros::NodeHandle::~NodeHandle()'
collect2: error: ld returned 1 exit status
make[2]: *** [/home/zach/src/AirSim/ros/devel/.private/shell_simulation/lib/shell_simulation/car_control] Error 1
make[1]: *** [CMakeFiles/car_control.dir/all] Error 2
make: *** [all] Error 2
