[ 20%] Built target MavLinkCom
[ 20%] Built target _airsim_car_ros_pkgs_generate_messages_check_deps_Takeoff
[ 20%] Built target _airsim_car_ros_pkgs_generate_messages_check_deps_Collision
[ 20%] Built target _airsim_car_ros_pkgs_generate_messages_check_deps_GimbalAngleQuatCmd
[ 20%] Built target _airsim_car_ros_pkgs_generate_messages_check_deps_SetGPSPosition
[ 20%] Built target _airsim_car_ros_pkgs_generate_messages_check_deps_VelCmd
[ 20%] Built target _airsim_car_ros_pkgs_generate_messages_check_deps_CarCmd
[ 20%] Built target std_msgs_generate_messages_py
[ 20%] Built target _airsim_car_ros_pkgs_generate_messages_check_deps_GPSYaw
[ 20%] Built target _airsim_car_ros_pkgs_generate_messages_check_deps_SetLocalPosition
[ 20%] Built target _airsim_car_ros_pkgs_generate_messages_check_deps_GimbalAngleEulerCmd
[ 20%] Built target _airsim_car_ros_pkgs_generate_messages_check_deps_TakeoffGroup
[ 20%] Built target _airsim_car_ros_pkgs_generate_messages_check_deps_LandGroup
[ 20%] Built target _airsim_car_ros_pkgs_generate_messages_check_deps_VelCmdGroup
[ 20%] Built target geometry_msgs_generate_messages_py
[ 20%] Built target _airsim_car_ros_pkgs_generate_messages_check_deps_Reset
[ 20%] Built target geometry_msgs_generate_messages_eus
[ 20%] Built target tf2_msgs_generate_messages_nodejs
[ 20%] Built target std_msgs_generate_messages_eus
[ 20%] Built target geometry_msgs_generate_messages_nodejs
[ 20%] Built target std_msgs_generate_messages_nodejs
[ 20%] Built target tf2_msgs_generate_messages_cpp
[ 20%] Built target tf2_msgs_generate_messages_py
[ 20%] Built target actionlib_generate_messages_nodejs
[ 20%] Built target actionlib_generate_messages_py
[ 20%] Built target _airsim_car_ros_pkgs_generate_messages_check_deps_Land
[ 20%] Built target tf_generate_messages_lisp
[ 20%] Built target tf_generate_messages_cpp
[ 20%] Built target tf_generate_messages_nodejs
[ 20%] Built target marti_common_msgs_generate_messages_py
[ 20%] Built target marti_common_msgs_generate_messages_eus
[ 20%] Built target swri_roscpp_generate_messages_py
[ 20%] Built target actionlib_generate_messages_cpp
[ 20%] Built target marti_common_msgs_generate_messages_lisp
[ 20%] Built target rosgraph_msgs_generate_messages_lisp
[ 20%] Built target swri_roscpp_generate_messages_nodejs
[ 20%] Built target marti_common_msgs_generate_messages_cpp
[ 20%] Built target rosgraph_msgs_generate_messages_eus
[ 20%] Built target swri_roscpp_generate_messages_eus
[ 20%] Built target rosgraph_msgs_generate_messages_cpp
[ 20%] Built target geometry_msgs_generate_messages_cpp
[ 20%] Built target dynamic_reconfigure_generate_messages_cpp
[ 20%] Built target tf_generate_messages_py
[ 20%] Built target std_msgs_generate_messages_cpp
[ 20%] Built target swri_roscpp_generate_messages_cpp
[ 20%] Built target dynamic_reconfigure_generate_messages_nodejs
[ 20%] Built target geographic_msgs_generate_messages_cpp
[ 20%] Built target dynamic_reconfigure_generate_messages_lisp
[ 20%] Built target dynamic_reconfigure_generate_messages_eus
[ 20%] Built target geographic_msgs_generate_messages_lisp
[ 20%] Built target diagnostic_msgs_generate_messages_lisp
[ 20%] Built target rosgraph_msgs_generate_messages_nodejs
[ 20%] Built target std_srvs_generate_messages_eus
[ 20%] Built target uuid_msgs_generate_messages_lisp
[ 20%] Built target roscpp_generate_messages_lisp
[ 20%] Built target roscpp_generate_messages_py
[ 20%] Built target nav_msgs_generate_messages_nodejs
[ 20%] Built target marti_common_msgs_generate_messages_nodejs
[ 20%] Built target actionlib_msgs_generate_messages_nodejs
[ 20%] Built target sensor_msgs_generate_messages_nodejs
[ 20%] Built target geometry_msgs_generate_messages_lisp
[ 20%] Built target sensor_msgs_generate_messages_py
[ 20%] Built target roscpp_generate_messages_nodejs
[ 20%] Built target actionlib_generate_messages_lisp
[ 20%] Built target std_msgs_generate_messages_lisp
[ 20%] Built target sensor_msgs_generate_messages_eus
[ 20%] Built target dynamic_reconfigure_generate_messages_py
[ 20%] Built target diagnostic_msgs_generate_messages_nodejs
[ 31%] Built target rpc
[ 31%] Built target mavros_msgs_generate_messages_eus
[ 31%] Built target mavros_msgs_generate_messages_nodejs
[ 31%] Built target mavros_msgs_generate_messages_cpp
[ 31%] Built target sensor_msgs_generate_messages_lisp
[ 31%] Built target nav_msgs_generate_messages_cpp
[ 31%] Built target sensor_msgs_generate_messages_cpp
[ 31%] Built target mavros_msgs_generate_messages_lisp
[ 31%] Built target uuid_msgs_generate_messages_py
[ 31%] Built target mavros_msgs_generate_messages_py
[ 31%] Built target swri_profiler_msgs_generate_messages_nodejs
[ 31%] Built target geographic_msgs_generate_messages_eus
[ 31%] Built target swri_roscpp_generate_messages_lisp
[ 31%] Built target uuid_msgs_generate_messages_eus
[ 31%] Built target uuid_msgs_generate_messages_nodejs
[ 31%] Built target diagnostic_msgs_generate_messages_py
[ 31%] Built target uuid_msgs_generate_messages_cpp
[ 31%] Built target tf2_msgs_generate_messages_eus
[ 31%] Built target nav_msgs_generate_messages_lisp
[ 31%] Built target nav_msgs_generate_messages_eus
[ 31%] Built target swri_profiler_msgs_generate_messages_cpp
[ 31%] Built target tf2_msgs_generate_messages_lisp
[ 31%] Built target nav_msgs_generate_messages_py
[ 31%] Built target tf_generate_messages_eus
[ 31%] Built target std_srvs_generate_messages_cpp
[ 31%] Built target dynamic_reconfigure_gencfg
[ 31%] Built target actionlib_msgs_generate_messages_cpp
[ 40%] Built target airsim_car_ros_pkgs_generate_messages_lisp
[ 40%] Built target roscpp_generate_messages_eus
[ 40%] Built target rosgraph_msgs_generate_messages_py
[ 40%] Built target actionlib_generate_messages_eus
[ 40%] Built target diagnostic_msgs_generate_messages_cpp
[ 40%] Built target actionlib_msgs_generate_messages_eus
[ 40%] Built target actionlib_msgs_generate_messages_py
[ 40%] Built target actionlib_msgs_generate_messages_lisp
[ 40%] Built target roscpp_generate_messages_cpp
[ 40%] Built target geographic_msgs_generate_messages_py
[ 40%] Built target std_srvs_generate_messages_lisp
[ 40%] Built target swri_profiler_msgs_generate_messages_lisp
[ 40%] Built target std_srvs_generate_messages_nodejs
[ 40%] Built target geographic_msgs_generate_messages_nodejs
[ 40%] Built target diagnostic_msgs_generate_messages_eus
[ 40%] Built target std_srvs_generate_messages_py
[ 40%] Built target swri_profiler_msgs_generate_messages_eus
[ 41%] Built target odometer
[ 41%] Built target swri_profiler_msgs_generate_messages_py
[ 45%] Built target MavLinkTest
[ 54%] Built target airsim_car_ros_pkgs_generate_messages_nodejs
[ 65%] Built target airsim_car_ros_pkgs_generate_messages_py
[ 76%] Built target airsim_car_ros_pkgs_generate_messages_eus
[ 86%] Built target airsim_car_ros_pkgs_generate_messages_cpp
[ 86%] Built target airsim_car_ros_pkgs_generate_messages
[ 87%] Built target pd_position_controller_simple
[ 94%] Built target AirLib
[ 96%] Built target airsim_settings_parser
[ 97%] Built target airsim_car_ros
[ 98%] Built target pd_position_controller_simple_node
[100%] Built target airsim_car_node
