Linked: (/home/zach/src/AirSim/ros/devel/.private/airsim_car_ros_pkgs/lib/libpd_position_controller_simple.so, /home/zach/src/AirSim/ros/devel/lib/libpd_position_controller_simple.so)
Linked: (/home/zach/src/AirSim/ros/devel/.private/airsim_car_ros_pkgs/lib/libairsim_settings_parser.so, /home/zach/src/AirSim/ros/devel/lib/libairsim_settings_parser.so)
Linked: (/home/zach/src/AirSim/ros/devel/.private/airsim_car_ros_pkgs/lib/libairsim_car_ros.so, /home/zach/src/AirSim/ros/devel/lib/libairsim_car_ros.so)
Linked: (/home/zach/src/AirSim/ros/devel/.private/airsim_car_ros_pkgs/lib/airsim_car_ros_pkgs/odometer, /home/zach/src/AirSim/ros/devel/lib/airsim_car_ros_pkgs/odometer)
Linked: (/home/zach/src/AirSim/ros/devel/.private/airsim_car_ros_pkgs/lib/airsim_car_ros_pkgs/airsim_car_node, /home/zach/src/AirSim/ros/devel/lib/airsim_car_ros_pkgs/airsim_car_node)
Linked: (/home/zach/src/AirSim/ros/devel/.private/airsim_car_ros_pkgs/lib/airsim_car_ros_pkgs/pd_position_controller_simple_node, /home/zach/src/AirSim/ros/devel/lib/airsim_car_ros_pkgs/pd_position_controller_simple_node)
Linked: (/home/zach/src/AirSim/ros/devel/.private/airsim_car_ros_pkgs/lib/python2.7/dist-packages/airsim_car_ros_pkgs/__init__.py, /home/zach/src/AirSim/ros/devel/lib/python2.7/dist-packages/airsim_car_ros_pkgs/__init__.py)
Linked: (/home/zach/src/AirSim/ros/devel/.private/airsim_car_ros_pkgs/lib/python2.7/dist-packages/airsim_car_ros_pkgs/__init__.pyc, /home/zach/src/AirSim/ros/devel/lib/python2.7/dist-packages/airsim_car_ros_pkgs/__init__.pyc)
Linked: (/home/zach/src/AirSim/ros/devel/.private/airsim_car_ros_pkgs/lib/python2.7/dist-packages/airsim_car_ros_pkgs/msg/__init__.py, /home/zach/src/AirSim/ros/devel/lib/python2.7/dist-packages/airsim_car_ros_pkgs/msg/__init__.py)
Linked: (/home/zach/src/AirSim/ros/devel/.private/airsim_car_ros_pkgs/lib/python2.7/dist-packages/airsim_car_ros_pkgs/msg/_GimbalAngleEulerCmd.pyc, /home/zach/src/AirSim/ros/devel/lib/python2.7/dist-packages/airsim_car_ros_pkgs/msg/_GimbalAngleEulerCmd.pyc)
Linked: (/home/zach/src/AirSim/ros/devel/.private/airsim_car_ros_pkgs/lib/python2.7/dist-packages/airsim_car_ros_pkgs/msg/_VelCmdGroup.pyc, /home/zach/src/AirSim/ros/devel/lib/python2.7/dist-packages/airsim_car_ros_pkgs/msg/_VelCmdGroup.pyc)
Linked: (/home/zach/src/AirSim/ros/devel/.private/airsim_car_ros_pkgs/lib/python2.7/dist-packages/airsim_car_ros_pkgs/msg/_VelCmd.pyc, /home/zach/src/AirSim/ros/devel/lib/python2.7/dist-packages/airsim_car_ros_pkgs/msg/_VelCmd.pyc)
Linked: (/home/zach/src/AirSim/ros/devel/.private/airsim_car_ros_pkgs/lib/python2.7/dist-packages/airsim_car_ros_pkgs/msg/_GimbalAngleQuatCmd.py, /home/zach/src/AirSim/ros/devel/lib/python2.7/dist-packages/airsim_car_ros_pkgs/msg/_GimbalAngleQuatCmd.py)
Linked: (/home/zach/src/AirSim/ros/devel/.private/airsim_car_ros_pkgs/lib/python2.7/dist-packages/airsim_car_ros_pkgs/msg/_GPSYaw.pyc, /home/zach/src/AirSim/ros/devel/lib/python2.7/dist-packages/airsim_car_ros_pkgs/msg/_GPSYaw.pyc)
Linked: (/home/zach/src/AirSim/ros/devel/.private/airsim_car_ros_pkgs/lib/python2.7/dist-packages/airsim_car_ros_pkgs/msg/_CarCmd.py, /home/zach/src/AirSim/ros/devel/lib/python2.7/dist-packages/airsim_car_ros_pkgs/msg/_CarCmd.py)
Linked: (/home/zach/src/AirSim/ros/devel/.private/airsim_car_ros_pkgs/lib/python2.7/dist-packages/airsim_car_ros_pkgs/msg/_Collision.pyc, /home/zach/src/AirSim/ros/devel/lib/python2.7/dist-packages/airsim_car_ros_pkgs/msg/_Collision.pyc)
Linked: (/home/zach/src/AirSim/ros/devel/.private/airsim_car_ros_pkgs/lib/python2.7/dist-packages/airsim_car_ros_pkgs/msg/_CarCmd.pyc, /home/zach/src/AirSim/ros/devel/lib/python2.7/dist-packages/airsim_car_ros_pkgs/msg/_CarCmd.pyc)
Linked: (/home/zach/src/AirSim/ros/devel/.private/airsim_car_ros_pkgs/lib/python2.7/dist-packages/airsim_car_ros_pkgs/msg/_VelCmdGroup.py, /home/zach/src/AirSim/ros/devel/lib/python2.7/dist-packages/airsim_car_ros_pkgs/msg/_VelCmdGroup.py)
Linked: (/home/zach/src/AirSim/ros/devel/.private/airsim_car_ros_pkgs/lib/python2.7/dist-packages/airsim_car_ros_pkgs/msg/__init__.pyc, /home/zach/src/AirSim/ros/devel/lib/python2.7/dist-packages/airsim_car_ros_pkgs/msg/__init__.pyc)
Linked: (/home/zach/src/AirSim/ros/devel/.private/airsim_car_ros_pkgs/lib/python2.7/dist-packages/airsim_car_ros_pkgs/msg/_Collision.py, /home/zach/src/AirSim/ros/devel/lib/python2.7/dist-packages/airsim_car_ros_pkgs/msg/_Collision.py)
Linked: (/home/zach/src/AirSim/ros/devel/.private/airsim_car_ros_pkgs/lib/python2.7/dist-packages/airsim_car_ros_pkgs/msg/_GPSYaw.py, /home/zach/src/AirSim/ros/devel/lib/python2.7/dist-packages/airsim_car_ros_pkgs/msg/_GPSYaw.py)
Linked: (/home/zach/src/AirSim/ros/devel/.private/airsim_car_ros_pkgs/lib/python2.7/dist-packages/airsim_car_ros_pkgs/msg/_VelCmd.py, /home/zach/src/AirSim/ros/devel/lib/python2.7/dist-packages/airsim_car_ros_pkgs/msg/_VelCmd.py)
Linked: (/home/zach/src/AirSim/ros/devel/.private/airsim_car_ros_pkgs/lib/python2.7/dist-packages/airsim_car_ros_pkgs/msg/_GimbalAngleEulerCmd.py, /home/zach/src/AirSim/ros/devel/lib/python2.7/dist-packages/airsim_car_ros_pkgs/msg/_GimbalAngleEulerCmd.py)
Linked: (/home/zach/src/AirSim/ros/devel/.private/airsim_car_ros_pkgs/lib/python2.7/dist-packages/airsim_car_ros_pkgs/msg/_GimbalAngleQuatCmd.pyc, /home/zach/src/AirSim/ros/devel/lib/python2.7/dist-packages/airsim_car_ros_pkgs/msg/_GimbalAngleQuatCmd.pyc)
Linked: (/home/zach/src/AirSim/ros/devel/.private/airsim_car_ros_pkgs/lib/python2.7/dist-packages/airsim_car_ros_pkgs/srv/_SetGPSPosition.py, /home/zach/src/AirSim/ros/devel/lib/python2.7/dist-packages/airsim_car_ros_pkgs/srv/_SetGPSPosition.py)
Linked: (/home/zach/src/AirSim/ros/devel/.private/airsim_car_ros_pkgs/lib/python2.7/dist-packages/airsim_car_ros_pkgs/srv/_SetLocalPosition.pyc, /home/zach/src/AirSim/ros/devel/lib/python2.7/dist-packages/airsim_car_ros_pkgs/srv/_SetLocalPosition.pyc)
Linked: (/home/zach/src/AirSim/ros/devel/.private/airsim_car_ros_pkgs/lib/python2.7/dist-packages/airsim_car_ros_pkgs/srv/__init__.py, /home/zach/src/AirSim/ros/devel/lib/python2.7/dist-packages/airsim_car_ros_pkgs/srv/__init__.py)
Linked: (/home/zach/src/AirSim/ros/devel/.private/airsim_car_ros_pkgs/lib/python2.7/dist-packages/airsim_car_ros_pkgs/srv/_Land.py, /home/zach/src/AirSim/ros/devel/lib/python2.7/dist-packages/airsim_car_ros_pkgs/srv/_Land.py)
Linked: (/home/zach/src/AirSim/ros/devel/.private/airsim_car_ros_pkgs/lib/python2.7/dist-packages/airsim_car_ros_pkgs/srv/_LandGroup.py, /home/zach/src/AirSim/ros/devel/lib/python2.7/dist-packages/airsim_car_ros_pkgs/srv/_LandGroup.py)
Linked: (/home/zach/src/AirSim/ros/devel/.private/airsim_car_ros_pkgs/lib/python2.7/dist-packages/airsim_car_ros_pkgs/srv/_LandGroup.pyc, /home/zach/src/AirSim/ros/devel/lib/python2.7/dist-packages/airsim_car_ros_pkgs/srv/_LandGroup.pyc)
Linked: (/home/zach/src/AirSim/ros/devel/.private/airsim_car_ros_pkgs/lib/python2.7/dist-packages/airsim_car_ros_pkgs/srv/_Reset.py, /home/zach/src/AirSim/ros/devel/lib/python2.7/dist-packages/airsim_car_ros_pkgs/srv/_Reset.py)
Linked: (/home/zach/src/AirSim/ros/devel/.private/airsim_car_ros_pkgs/lib/python2.7/dist-packages/airsim_car_ros_pkgs/srv/_Reset.pyc, /home/zach/src/AirSim/ros/devel/lib/python2.7/dist-packages/airsim_car_ros_pkgs/srv/_Reset.pyc)
Linked: (/home/zach/src/AirSim/ros/devel/.private/airsim_car_ros_pkgs/lib/python2.7/dist-packages/airsim_car_ros_pkgs/srv/_Takeoff.pyc, /home/zach/src/AirSim/ros/devel/lib/python2.7/dist-packages/airsim_car_ros_pkgs/srv/_Takeoff.pyc)
Linked: (/home/zach/src/AirSim/ros/devel/.private/airsim_car_ros_pkgs/lib/python2.7/dist-packages/airsim_car_ros_pkgs/srv/_SetGPSPosition.pyc, /home/zach/src/AirSim/ros/devel/lib/python2.7/dist-packages/airsim_car_ros_pkgs/srv/_SetGPSPosition.pyc)
Linked: (/home/zach/src/AirSim/ros/devel/.private/airsim_car_ros_pkgs/lib/python2.7/dist-packages/airsim_car_ros_pkgs/srv/_TakeoffGroup.py, /home/zach/src/AirSim/ros/devel/lib/python2.7/dist-packages/airsim_car_ros_pkgs/srv/_TakeoffGroup.py)
Linked: (/home/zach/src/AirSim/ros/devel/.private/airsim_car_ros_pkgs/lib/python2.7/dist-packages/airsim_car_ros_pkgs/srv/__init__.pyc, /home/zach/src/AirSim/ros/devel/lib/python2.7/dist-packages/airsim_car_ros_pkgs/srv/__init__.pyc)
Linked: (/home/zach/src/AirSim/ros/devel/.private/airsim_car_ros_pkgs/lib/python2.7/dist-packages/airsim_car_ros_pkgs/srv/_Takeoff.py, /home/zach/src/AirSim/ros/devel/lib/python2.7/dist-packages/airsim_car_ros_pkgs/srv/_Takeoff.py)
Linked: (/home/zach/src/AirSim/ros/devel/.private/airsim_car_ros_pkgs/lib/python2.7/dist-packages/airsim_car_ros_pkgs/srv/_TakeoffGroup.pyc, /home/zach/src/AirSim/ros/devel/lib/python2.7/dist-packages/airsim_car_ros_pkgs/srv/_TakeoffGroup.pyc)
Linked: (/home/zach/src/AirSim/ros/devel/.private/airsim_car_ros_pkgs/lib/python2.7/dist-packages/airsim_car_ros_pkgs/srv/_Land.pyc, /home/zach/src/AirSim/ros/devel/lib/python2.7/dist-packages/airsim_car_ros_pkgs/srv/_Land.pyc)
Linked: (/home/zach/src/AirSim/ros/devel/.private/airsim_car_ros_pkgs/lib/python2.7/dist-packages/airsim_car_ros_pkgs/srv/_SetLocalPosition.py, /home/zach/src/AirSim/ros/devel/lib/python2.7/dist-packages/airsim_car_ros_pkgs/srv/_SetLocalPosition.py)
Linked: (/home/zach/src/AirSim/ros/devel/.private/airsim_car_ros_pkgs/lib/pkgconfig/airsim_car_ros_pkgs.pc, /home/zach/src/AirSim/ros/devel/lib/pkgconfig/airsim_car_ros_pkgs.pc)
Linked: (/home/zach/src/AirSim/ros/devel/.private/airsim_car_ros_pkgs/share/common-lisp/ros/airsim_car_ros_pkgs/msg/GimbalAngleQuatCmd.lisp, /home/zach/src/AirSim/ros/devel/share/common-lisp/ros/airsim_car_ros_pkgs/msg/GimbalAngleQuatCmd.lisp)
Linked: (/home/zach/src/AirSim/ros/devel/.private/airsim_car_ros_pkgs/share/common-lisp/ros/airsim_car_ros_pkgs/msg/_package_VelCmdGroup.lisp, /home/zach/src/AirSim/ros/devel/share/common-lisp/ros/airsim_car_ros_pkgs/msg/_package_VelCmdGroup.lisp)
Linked: (/home/zach/src/AirSim/ros/devel/.private/airsim_car_ros_pkgs/share/common-lisp/ros/airsim_car_ros_pkgs/msg/CarCmd.lisp, /home/zach/src/AirSim/ros/devel/share/common-lisp/ros/airsim_car_ros_pkgs/msg/CarCmd.lisp)
Linked: (/home/zach/src/AirSim/ros/devel/.private/airsim_car_ros_pkgs/share/common-lisp/ros/airsim_car_ros_pkgs/msg/_package_CarCmd.lisp, /home/zach/src/AirSim/ros/devel/share/common-lisp/ros/airsim_car_ros_pkgs/msg/_package_CarCmd.lisp)
Linked: (/home/zach/src/AirSim/ros/devel/.private/airsim_car_ros_pkgs/share/common-lisp/ros/airsim_car_ros_pkgs/msg/_package_Collision.lisp, /home/zach/src/AirSim/ros/devel/share/common-lisp/ros/airsim_car_ros_pkgs/msg/_package_Collision.lisp)
Linked: (/home/zach/src/AirSim/ros/devel/.private/airsim_car_ros_pkgs/share/common-lisp/ros/airsim_car_ros_pkgs/msg/GPSYaw.lisp, /home/zach/src/AirSim/ros/devel/share/common-lisp/ros/airsim_car_ros_pkgs/msg/GPSYaw.lisp)
Linked: (/home/zach/src/AirSim/ros/devel/.private/airsim_car_ros_pkgs/share/common-lisp/ros/airsim_car_ros_pkgs/msg/_package.lisp, /home/zach/src/AirSim/ros/devel/share/common-lisp/ros/airsim_car_ros_pkgs/msg/_package.lisp)
Linked: (/home/zach/src/AirSim/ros/devel/.private/airsim_car_ros_pkgs/share/common-lisp/ros/airsim_car_ros_pkgs/msg/airsim_car_ros_pkgs-msg.asd, /home/zach/src/AirSim/ros/devel/share/common-lisp/ros/airsim_car_ros_pkgs/msg/airsim_car_ros_pkgs-msg.asd)
Linked: (/home/zach/src/AirSim/ros/devel/.private/airsim_car_ros_pkgs/share/common-lisp/ros/airsim_car_ros_pkgs/msg/VelCmd.lisp, /home/zach/src/AirSim/ros/devel/share/common-lisp/ros/airsim_car_ros_pkgs/msg/VelCmd.lisp)
Linked: (/home/zach/src/AirSim/ros/devel/.private/airsim_car_ros_pkgs/share/common-lisp/ros/airsim_car_ros_pkgs/msg/VelCmdGroup.lisp, /home/zach/src/AirSim/ros/devel/share/common-lisp/ros/airsim_car_ros_pkgs/msg/VelCmdGroup.lisp)
Linked: (/home/zach/src/AirSim/ros/devel/.private/airsim_car_ros_pkgs/share/common-lisp/ros/airsim_car_ros_pkgs/msg/Collision.lisp, /home/zach/src/AirSim/ros/devel/share/common-lisp/ros/airsim_car_ros_pkgs/msg/Collision.lisp)
Linked: (/home/zach/src/AirSim/ros/devel/.private/airsim_car_ros_pkgs/share/common-lisp/ros/airsim_car_ros_pkgs/msg/_package_GimbalAngleQuatCmd.lisp, /home/zach/src/AirSim/ros/devel/share/common-lisp/ros/airsim_car_ros_pkgs/msg/_package_GimbalAngleQuatCmd.lisp)
Linked: (/home/zach/src/AirSim/ros/devel/.private/airsim_car_ros_pkgs/share/common-lisp/ros/airsim_car_ros_pkgs/msg/_package_GimbalAngleEulerCmd.lisp, /home/zach/src/AirSim/ros/devel/share/common-lisp/ros/airsim_car_ros_pkgs/msg/_package_GimbalAngleEulerCmd.lisp)
Linked: (/home/zach/src/AirSim/ros/devel/.private/airsim_car_ros_pkgs/share/common-lisp/ros/airsim_car_ros_pkgs/msg/_package_VelCmd.lisp, /home/zach/src/AirSim/ros/devel/share/common-lisp/ros/airsim_car_ros_pkgs/msg/_package_VelCmd.lisp)
Linked: (/home/zach/src/AirSim/ros/devel/.private/airsim_car_ros_pkgs/share/common-lisp/ros/airsim_car_ros_pkgs/msg/GimbalAngleEulerCmd.lisp, /home/zach/src/AirSim/ros/devel/share/common-lisp/ros/airsim_car_ros_pkgs/msg/GimbalAngleEulerCmd.lisp)
Linked: (/home/zach/src/AirSim/ros/devel/.private/airsim_car_ros_pkgs/share/common-lisp/ros/airsim_car_ros_pkgs/msg/_package_GPSYaw.lisp, /home/zach/src/AirSim/ros/devel/share/common-lisp/ros/airsim_car_ros_pkgs/msg/_package_GPSYaw.lisp)
Linked: (/home/zach/src/AirSim/ros/devel/.private/airsim_car_ros_pkgs/share/common-lisp/ros/airsim_car_ros_pkgs/srv/airsim_car_ros_pkgs-srv.asd, /home/zach/src/AirSim/ros/devel/share/common-lisp/ros/airsim_car_ros_pkgs/srv/airsim_car_ros_pkgs-srv.asd)
Linked: (/home/zach/src/AirSim/ros/devel/.private/airsim_car_ros_pkgs/share/common-lisp/ros/airsim_car_ros_pkgs/srv/SetLocalPosition.lisp, /home/zach/src/AirSim/ros/devel/share/common-lisp/ros/airsim_car_ros_pkgs/srv/SetLocalPosition.lisp)
Linked: (/home/zach/src/AirSim/ros/devel/.private/airsim_car_ros_pkgs/share/common-lisp/ros/airsim_car_ros_pkgs/srv/SetGPSPosition.lisp, /home/zach/src/AirSim/ros/devel/share/common-lisp/ros/airsim_car_ros_pkgs/srv/SetGPSPosition.lisp)
Linked: (/home/zach/src/AirSim/ros/devel/.private/airsim_car_ros_pkgs/share/common-lisp/ros/airsim_car_ros_pkgs/srv/_package_SetLocalPosition.lisp, /home/zach/src/AirSim/ros/devel/share/common-lisp/ros/airsim_car_ros_pkgs/srv/_package_SetLocalPosition.lisp)
Linked: (/home/zach/src/AirSim/ros/devel/.private/airsim_car_ros_pkgs/share/common-lisp/ros/airsim_car_ros_pkgs/srv/Reset.lisp, /home/zach/src/AirSim/ros/devel/share/common-lisp/ros/airsim_car_ros_pkgs/srv/Reset.lisp)
Linked: (/home/zach/src/AirSim/ros/devel/.private/airsim_car_ros_pkgs/share/common-lisp/ros/airsim_car_ros_pkgs/srv/TakeoffGroup.lisp, /home/zach/src/AirSim/ros/devel/share/common-lisp/ros/airsim_car_ros_pkgs/srv/TakeoffGroup.lisp)
Linked: (/home/zach/src/AirSim/ros/devel/.private/airsim_car_ros_pkgs/share/common-lisp/ros/airsim_car_ros_pkgs/srv/_package_Land.lisp, /home/zach/src/AirSim/ros/devel/share/common-lisp/ros/airsim_car_ros_pkgs/srv/_package_Land.lisp)
Linked: (/home/zach/src/AirSim/ros/devel/.private/airsim_car_ros_pkgs/share/common-lisp/ros/airsim_car_ros_pkgs/srv/_package_Takeoff.lisp, /home/zach/src/AirSim/ros/devel/share/common-lisp/ros/airsim_car_ros_pkgs/srv/_package_Takeoff.lisp)
Linked: (/home/zach/src/AirSim/ros/devel/.private/airsim_car_ros_pkgs/share/common-lisp/ros/airsim_car_ros_pkgs/srv/LandGroup.lisp, /home/zach/src/AirSim/ros/devel/share/common-lisp/ros/airsim_car_ros_pkgs/srv/LandGroup.lisp)
Linked: (/home/zach/src/AirSim/ros/devel/.private/airsim_car_ros_pkgs/share/common-lisp/ros/airsim_car_ros_pkgs/srv/_package.lisp, /home/zach/src/AirSim/ros/devel/share/common-lisp/ros/airsim_car_ros_pkgs/srv/_package.lisp)
Linked: (/home/zach/src/AirSim/ros/devel/.private/airsim_car_ros_pkgs/share/common-lisp/ros/airsim_car_ros_pkgs/srv/Land.lisp, /home/zach/src/AirSim/ros/devel/share/common-lisp/ros/airsim_car_ros_pkgs/srv/Land.lisp)
Linked: (/home/zach/src/AirSim/ros/devel/.private/airsim_car_ros_pkgs/share/common-lisp/ros/airsim_car_ros_pkgs/srv/Takeoff.lisp, /home/zach/src/AirSim/ros/devel/share/common-lisp/ros/airsim_car_ros_pkgs/srv/Takeoff.lisp)
Linked: (/home/zach/src/AirSim/ros/devel/.private/airsim_car_ros_pkgs/share/common-lisp/ros/airsim_car_ros_pkgs/srv/_package_TakeoffGroup.lisp, /home/zach/src/AirSim/ros/devel/share/common-lisp/ros/airsim_car_ros_pkgs/srv/_package_TakeoffGroup.lisp)
Linked: (/home/zach/src/AirSim/ros/devel/.private/airsim_car_ros_pkgs/share/common-lisp/ros/airsim_car_ros_pkgs/srv/_package_Reset.lisp, /home/zach/src/AirSim/ros/devel/share/common-lisp/ros/airsim_car_ros_pkgs/srv/_package_Reset.lisp)
Linked: (/home/zach/src/AirSim/ros/devel/.private/airsim_car_ros_pkgs/share/common-lisp/ros/airsim_car_ros_pkgs/srv/_package_SetGPSPosition.lisp, /home/zach/src/AirSim/ros/devel/share/common-lisp/ros/airsim_car_ros_pkgs/srv/_package_SetGPSPosition.lisp)
Linked: (/home/zach/src/AirSim/ros/devel/.private/airsim_car_ros_pkgs/share/common-lisp/ros/airsim_car_ros_pkgs/srv/_package_LandGroup.lisp, /home/zach/src/AirSim/ros/devel/share/common-lisp/ros/airsim_car_ros_pkgs/srv/_package_LandGroup.lisp)
Linked: (/home/zach/src/AirSim/ros/devel/.private/airsim_car_ros_pkgs/share/gennodejs/ros/airsim_car_ros_pkgs/_index.js, /home/zach/src/AirSim/ros/devel/share/gennodejs/ros/airsim_car_ros_pkgs/_index.js)
Linked: (/home/zach/src/AirSim/ros/devel/.private/airsim_car_ros_pkgs/share/gennodejs/ros/airsim_car_ros_pkgs/msg/GimbalAngleEulerCmd.js, /home/zach/src/AirSim/ros/devel/share/gennodejs/ros/airsim_car_ros_pkgs/msg/GimbalAngleEulerCmd.js)
Linked: (/home/zach/src/AirSim/ros/devel/.private/airsim_car_ros_pkgs/share/gennodejs/ros/airsim_car_ros_pkgs/msg/CarCmd.js, /home/zach/src/AirSim/ros/devel/share/gennodejs/ros/airsim_car_ros_pkgs/msg/CarCmd.js)
Linked: (/home/zach/src/AirSim/ros/devel/.private/airsim_car_ros_pkgs/share/gennodejs/ros/airsim_car_ros_pkgs/msg/VelCmdGroup.js, /home/zach/src/AirSim/ros/devel/share/gennodejs/ros/airsim_car_ros_pkgs/msg/VelCmdGroup.js)
Linked: (/home/zach/src/AirSim/ros/devel/.private/airsim_car_ros_pkgs/share/gennodejs/ros/airsim_car_ros_pkgs/msg/Collision.js, /home/zach/src/AirSim/ros/devel/share/gennodejs/ros/airsim_car_ros_pkgs/msg/Collision.js)
Linked: (/home/zach/src/AirSim/ros/devel/.private/airsim_car_ros_pkgs/share/gennodejs/ros/airsim_car_ros_pkgs/msg/VelCmd.js, /home/zach/src/AirSim/ros/devel/share/gennodejs/ros/airsim_car_ros_pkgs/msg/VelCmd.js)
Linked: (/home/zach/src/AirSim/ros/devel/.private/airsim_car_ros_pkgs/share/gennodejs/ros/airsim_car_ros_pkgs/msg/_index.js, /home/zach/src/AirSim/ros/devel/share/gennodejs/ros/airsim_car_ros_pkgs/msg/_index.js)
Linked: (/home/zach/src/AirSim/ros/devel/.private/airsim_car_ros_pkgs/share/gennodejs/ros/airsim_car_ros_pkgs/msg/GPSYaw.js, /home/zach/src/AirSim/ros/devel/share/gennodejs/ros/airsim_car_ros_pkgs/msg/GPSYaw.js)
Linked: (/home/zach/src/AirSim/ros/devel/.private/airsim_car_ros_pkgs/share/gennodejs/ros/airsim_car_ros_pkgs/msg/GimbalAngleQuatCmd.js, /home/zach/src/AirSim/ros/devel/share/gennodejs/ros/airsim_car_ros_pkgs/msg/GimbalAngleQuatCmd.js)
Linked: (/home/zach/src/AirSim/ros/devel/.private/airsim_car_ros_pkgs/share/gennodejs/ros/airsim_car_ros_pkgs/srv/Takeoff.js, /home/zach/src/AirSim/ros/devel/share/gennodejs/ros/airsim_car_ros_pkgs/srv/Takeoff.js)
Linked: (/home/zach/src/AirSim/ros/devel/.private/airsim_car_ros_pkgs/share/gennodejs/ros/airsim_car_ros_pkgs/srv/TakeoffGroup.js, /home/zach/src/AirSim/ros/devel/share/gennodejs/ros/airsim_car_ros_pkgs/srv/TakeoffGroup.js)
Linked: (/home/zach/src/AirSim/ros/devel/.private/airsim_car_ros_pkgs/share/gennodejs/ros/airsim_car_ros_pkgs/srv/Land.js, /home/zach/src/AirSim/ros/devel/share/gennodejs/ros/airsim_car_ros_pkgs/srv/Land.js)
Linked: (/home/zach/src/AirSim/ros/devel/.private/airsim_car_ros_pkgs/share/gennodejs/ros/airsim_car_ros_pkgs/srv/Reset.js, /home/zach/src/AirSim/ros/devel/share/gennodejs/ros/airsim_car_ros_pkgs/srv/Reset.js)
Linked: (/home/zach/src/AirSim/ros/devel/.private/airsim_car_ros_pkgs/share/gennodejs/ros/airsim_car_ros_pkgs/srv/SetGPSPosition.js, /home/zach/src/AirSim/ros/devel/share/gennodejs/ros/airsim_car_ros_pkgs/srv/SetGPSPosition.js)
Linked: (/home/zach/src/AirSim/ros/devel/.private/airsim_car_ros_pkgs/share/gennodejs/ros/airsim_car_ros_pkgs/srv/SetLocalPosition.js, /home/zach/src/AirSim/ros/devel/share/gennodejs/ros/airsim_car_ros_pkgs/srv/SetLocalPosition.js)
Linked: (/home/zach/src/AirSim/ros/devel/.private/airsim_car_ros_pkgs/share/gennodejs/ros/airsim_car_ros_pkgs/srv/_index.js, /home/zach/src/AirSim/ros/devel/share/gennodejs/ros/airsim_car_ros_pkgs/srv/_index.js)
Linked: (/home/zach/src/AirSim/ros/devel/.private/airsim_car_ros_pkgs/share/gennodejs/ros/airsim_car_ros_pkgs/srv/LandGroup.js, /home/zach/src/AirSim/ros/devel/share/gennodejs/ros/airsim_car_ros_pkgs/srv/LandGroup.js)
Linked: (/home/zach/src/AirSim/ros/devel/.private/airsim_car_ros_pkgs/share/roseus/ros/airsim_car_ros_pkgs/manifest.l, /home/zach/src/AirSim/ros/devel/share/roseus/ros/airsim_car_ros_pkgs/manifest.l)
Linked: (/home/zach/src/AirSim/ros/devel/.private/airsim_car_ros_pkgs/share/roseus/ros/airsim_car_ros_pkgs/msg/GimbalAngleQuatCmd.l, /home/zach/src/AirSim/ros/devel/share/roseus/ros/airsim_car_ros_pkgs/msg/GimbalAngleQuatCmd.l)
Linked: (/home/zach/src/AirSim/ros/devel/.private/airsim_car_ros_pkgs/share/roseus/ros/airsim_car_ros_pkgs/msg/VelCmdGroup.l, /home/zach/src/AirSim/ros/devel/share/roseus/ros/airsim_car_ros_pkgs/msg/VelCmdGroup.l)
Linked: (/home/zach/src/AirSim/ros/devel/.private/airsim_car_ros_pkgs/share/roseus/ros/airsim_car_ros_pkgs/msg/VelCmd.l, /home/zach/src/AirSim/ros/devel/share/roseus/ros/airsim_car_ros_pkgs/msg/VelCmd.l)
Linked: (/home/zach/src/AirSim/ros/devel/.private/airsim_car_ros_pkgs/share/roseus/ros/airsim_car_ros_pkgs/msg/Collision.l, /home/zach/src/AirSim/ros/devel/share/roseus/ros/airsim_car_ros_pkgs/msg/Collision.l)
Linked: (/home/zach/src/AirSim/ros/devel/.private/airsim_car_ros_pkgs/share/roseus/ros/airsim_car_ros_pkgs/msg/GPSYaw.l, /home/zach/src/AirSim/ros/devel/share/roseus/ros/airsim_car_ros_pkgs/msg/GPSYaw.l)
Linked: (/home/zach/src/AirSim/ros/devel/.private/airsim_car_ros_pkgs/share/roseus/ros/airsim_car_ros_pkgs/msg/GimbalAngleEulerCmd.l, /home/zach/src/AirSim/ros/devel/share/roseus/ros/airsim_car_ros_pkgs/msg/GimbalAngleEulerCmd.l)
Linked: (/home/zach/src/AirSim/ros/devel/.private/airsim_car_ros_pkgs/share/roseus/ros/airsim_car_ros_pkgs/msg/CarCmd.l, /home/zach/src/AirSim/ros/devel/share/roseus/ros/airsim_car_ros_pkgs/msg/CarCmd.l)
Linked: (/home/zach/src/AirSim/ros/devel/.private/airsim_car_ros_pkgs/share/roseus/ros/airsim_car_ros_pkgs/srv/SetLocalPosition.l, /home/zach/src/AirSim/ros/devel/share/roseus/ros/airsim_car_ros_pkgs/srv/SetLocalPosition.l)
Linked: (/home/zach/src/AirSim/ros/devel/.private/airsim_car_ros_pkgs/share/roseus/ros/airsim_car_ros_pkgs/srv/SetGPSPosition.l, /home/zach/src/AirSim/ros/devel/share/roseus/ros/airsim_car_ros_pkgs/srv/SetGPSPosition.l)
Linked: (/home/zach/src/AirSim/ros/devel/.private/airsim_car_ros_pkgs/share/roseus/ros/airsim_car_ros_pkgs/srv/Land.l, /home/zach/src/AirSim/ros/devel/share/roseus/ros/airsim_car_ros_pkgs/srv/Land.l)
Linked: (/home/zach/src/AirSim/ros/devel/.private/airsim_car_ros_pkgs/share/roseus/ros/airsim_car_ros_pkgs/srv/Reset.l, /home/zach/src/AirSim/ros/devel/share/roseus/ros/airsim_car_ros_pkgs/srv/Reset.l)
Linked: (/home/zach/src/AirSim/ros/devel/.private/airsim_car_ros_pkgs/share/roseus/ros/airsim_car_ros_pkgs/srv/TakeoffGroup.l, /home/zach/src/AirSim/ros/devel/share/roseus/ros/airsim_car_ros_pkgs/srv/TakeoffGroup.l)
Linked: (/home/zach/src/AirSim/ros/devel/.private/airsim_car_ros_pkgs/share/roseus/ros/airsim_car_ros_pkgs/srv/Takeoff.l, /home/zach/src/AirSim/ros/devel/share/roseus/ros/airsim_car_ros_pkgs/srv/Takeoff.l)
Linked: (/home/zach/src/AirSim/ros/devel/.private/airsim_car_ros_pkgs/share/roseus/ros/airsim_car_ros_pkgs/srv/LandGroup.l, /home/zach/src/AirSim/ros/devel/share/roseus/ros/airsim_car_ros_pkgs/srv/LandGroup.l)
Linked: (/home/zach/src/AirSim/ros/devel/.private/airsim_car_ros_pkgs/share/airsim_car_ros_pkgs/cmake/airsim_car_ros_pkgs-msg-extras.cmake, /home/zach/src/AirSim/ros/devel/share/airsim_car_ros_pkgs/cmake/airsim_car_ros_pkgs-msg-extras.cmake)
Linked: (/home/zach/src/AirSim/ros/devel/.private/airsim_car_ros_pkgs/share/airsim_car_ros_pkgs/cmake/airsim_car_ros_pkgsConfig.cmake, /home/zach/src/AirSim/ros/devel/share/airsim_car_ros_pkgs/cmake/airsim_car_ros_pkgsConfig.cmake)
Linked: (/home/zach/src/AirSim/ros/devel/.private/airsim_car_ros_pkgs/share/airsim_car_ros_pkgs/cmake/airsim_car_ros_pkgs-msg-paths.cmake, /home/zach/src/AirSim/ros/devel/share/airsim_car_ros_pkgs/cmake/airsim_car_ros_pkgs-msg-paths.cmake)
Linked: (/home/zach/src/AirSim/ros/devel/.private/airsim_car_ros_pkgs/share/airsim_car_ros_pkgs/cmake/airsim_car_ros_pkgsConfig-version.cmake, /home/zach/src/AirSim/ros/devel/share/airsim_car_ros_pkgs/cmake/airsim_car_ros_pkgsConfig-version.cmake)
Linked: (/home/zach/src/AirSim/ros/devel/.private/airsim_car_ros_pkgs/include/airsim_car_ros_pkgs/TakeoffResponse.h, /home/zach/src/AirSim/ros/devel/include/airsim_car_ros_pkgs/TakeoffResponse.h)
Linked: (/home/zach/src/AirSim/ros/devel/.private/airsim_car_ros_pkgs/include/airsim_car_ros_pkgs/Collision.h, /home/zach/src/AirSim/ros/devel/include/airsim_car_ros_pkgs/Collision.h)
Linked: (/home/zach/src/AirSim/ros/devel/.private/airsim_car_ros_pkgs/include/airsim_car_ros_pkgs/Land.h, /home/zach/src/AirSim/ros/devel/include/airsim_car_ros_pkgs/Land.h)
Linked: (/home/zach/src/AirSim/ros/devel/.private/airsim_car_ros_pkgs/include/airsim_car_ros_pkgs/TakeoffGroupResponse.h, /home/zach/src/AirSim/ros/devel/include/airsim_car_ros_pkgs/TakeoffGroupResponse.h)
Linked: (/home/zach/src/AirSim/ros/devel/.private/airsim_car_ros_pkgs/include/airsim_car_ros_pkgs/VelCmdGroup.h, /home/zach/src/AirSim/ros/devel/include/airsim_car_ros_pkgs/VelCmdGroup.h)
Linked: (/home/zach/src/AirSim/ros/devel/.private/airsim_car_ros_pkgs/include/airsim_car_ros_pkgs/ResetResponse.h, /home/zach/src/AirSim/ros/devel/include/airsim_car_ros_pkgs/ResetResponse.h)
Linked: (/home/zach/src/AirSim/ros/devel/.private/airsim_car_ros_pkgs/include/airsim_car_ros_pkgs/LandGroupResponse.h, /home/zach/src/AirSim/ros/devel/include/airsim_car_ros_pkgs/LandGroupResponse.h)
Linked: (/home/zach/src/AirSim/ros/devel/.private/airsim_car_ros_pkgs/include/airsim_car_ros_pkgs/GPSYaw.h, /home/zach/src/AirSim/ros/devel/include/airsim_car_ros_pkgs/GPSYaw.h)
Linked: (/home/zach/src/AirSim/ros/devel/.private/airsim_car_ros_pkgs/include/airsim_car_ros_pkgs/TakeoffRequest.h, /home/zach/src/AirSim/ros/devel/include/airsim_car_ros_pkgs/TakeoffRequest.h)
Linked: (/home/zach/src/AirSim/ros/devel/.private/airsim_car_ros_pkgs/include/airsim_car_ros_pkgs/SetLocalPosition.h, /home/zach/src/AirSim/ros/devel/include/airsim_car_ros_pkgs/SetLocalPosition.h)
Linked: (/home/zach/src/AirSim/ros/devel/.private/airsim_car_ros_pkgs/include/airsim_car_ros_pkgs/Reset.h, /home/zach/src/AirSim/ros/devel/include/airsim_car_ros_pkgs/Reset.h)
Linked: (/home/zach/src/AirSim/ros/devel/.private/airsim_car_ros_pkgs/include/airsim_car_ros_pkgs/LandGroup.h, /home/zach/src/AirSim/ros/devel/include/airsim_car_ros_pkgs/LandGroup.h)
Linked: (/home/zach/src/AirSim/ros/devel/.private/airsim_car_ros_pkgs/include/airsim_car_ros_pkgs/ResetRequest.h, /home/zach/src/AirSim/ros/devel/include/airsim_car_ros_pkgs/ResetRequest.h)
Linked: (/home/zach/src/AirSim/ros/devel/.private/airsim_car_ros_pkgs/include/airsim_car_ros_pkgs/LandResponse.h, /home/zach/src/AirSim/ros/devel/include/airsim_car_ros_pkgs/LandResponse.h)
Linked: (/home/zach/src/AirSim/ros/devel/.private/airsim_car_ros_pkgs/include/airsim_car_ros_pkgs/SetGPSPosition.h, /home/zach/src/AirSim/ros/devel/include/airsim_car_ros_pkgs/SetGPSPosition.h)
Linked: (/home/zach/src/AirSim/ros/devel/.private/airsim_car_ros_pkgs/include/airsim_car_ros_pkgs/SetLocalPositionRequest.h, /home/zach/src/AirSim/ros/devel/include/airsim_car_ros_pkgs/SetLocalPositionRequest.h)
Linked: (/home/zach/src/AirSim/ros/devel/.private/airsim_car_ros_pkgs/include/airsim_car_ros_pkgs/CarCmd.h, /home/zach/src/AirSim/ros/devel/include/airsim_car_ros_pkgs/CarCmd.h)
Linked: (/home/zach/src/AirSim/ros/devel/.private/airsim_car_ros_pkgs/include/airsim_car_ros_pkgs/SetGPSPositionRequest.h, /home/zach/src/AirSim/ros/devel/include/airsim_car_ros_pkgs/SetGPSPositionRequest.h)
Linked: (/home/zach/src/AirSim/ros/devel/.private/airsim_car_ros_pkgs/include/airsim_car_ros_pkgs/GimbalAngleEulerCmd.h, /home/zach/src/AirSim/ros/devel/include/airsim_car_ros_pkgs/GimbalAngleEulerCmd.h)
Linked: (/home/zach/src/AirSim/ros/devel/.private/airsim_car_ros_pkgs/include/airsim_car_ros_pkgs/SetGPSPositionResponse.h, /home/zach/src/AirSim/ros/devel/include/airsim_car_ros_pkgs/SetGPSPositionResponse.h)
Linked: (/home/zach/src/AirSim/ros/devel/.private/airsim_car_ros_pkgs/include/airsim_car_ros_pkgs/LandGroupRequest.h, /home/zach/src/AirSim/ros/devel/include/airsim_car_ros_pkgs/LandGroupRequest.h)
Linked: (/home/zach/src/AirSim/ros/devel/.private/airsim_car_ros_pkgs/include/airsim_car_ros_pkgs/TakeoffGroupRequest.h, /home/zach/src/AirSim/ros/devel/include/airsim_car_ros_pkgs/TakeoffGroupRequest.h)
Linked: (/home/zach/src/AirSim/ros/devel/.private/airsim_car_ros_pkgs/include/airsim_car_ros_pkgs/LandRequest.h, /home/zach/src/AirSim/ros/devel/include/airsim_car_ros_pkgs/LandRequest.h)
Linked: (/home/zach/src/AirSim/ros/devel/.private/airsim_car_ros_pkgs/include/airsim_car_ros_pkgs/SetLocalPositionResponse.h, /home/zach/src/AirSim/ros/devel/include/airsim_car_ros_pkgs/SetLocalPositionResponse.h)
Linked: (/home/zach/src/AirSim/ros/devel/.private/airsim_car_ros_pkgs/include/airsim_car_ros_pkgs/Takeoff.h, /home/zach/src/AirSim/ros/devel/include/airsim_car_ros_pkgs/Takeoff.h)
Linked: (/home/zach/src/AirSim/ros/devel/.private/airsim_car_ros_pkgs/include/airsim_car_ros_pkgs/VelCmd.h, /home/zach/src/AirSim/ros/devel/include/airsim_car_ros_pkgs/VelCmd.h)
Linked: (/home/zach/src/AirSim/ros/devel/.private/airsim_car_ros_pkgs/include/airsim_car_ros_pkgs/GimbalAngleQuatCmd.h, /home/zach/src/AirSim/ros/devel/include/airsim_car_ros_pkgs/GimbalAngleQuatCmd.h)
Linked: (/home/zach/src/AirSim/ros/devel/.private/airsim_car_ros_pkgs/include/airsim_car_ros_pkgs/TakeoffGroup.h, /home/zach/src/AirSim/ros/devel/include/airsim_car_ros_pkgs/TakeoffGroup.h)
