In file included from [01m[K/opt/ros/melodic/include/ros/common.h:38[m[K,
                 from [01m[K/opt/ros/melodic/include/ros/ros.h:43[m[K,
                 from [01m[K/home/zach/src/AirSim/ros/src/airsim_car_ros_pkgs/src/airsim_node.cpp:1[m[K:
[01m[K/opt/ros/melodic/include/ros/serialized_message.h:[m[K In constructor ‘[01m[Kros::SerializedMessage::SerializedMessage(boost::shared_array<unsigned char>, size_t)[m[K’:
[01m[K/opt/ros/melodic/include/ros/serialized_message.h:57:3:[m[K [01;35m[Kwarning: [m[Kdeclaration of ‘[01m[Knum_bytes[m[K’ shadows a member of ‘[01m[Kros::SerializedMessage[m[K’ [[01;35m[K-Wshadow[m[K]
   [01;35m[K:[m[K buf(buf)
   [01;35m[K^[m[K
[01m[K/opt/ros/melodic/include/ros/serialized_message.h:43:10:[m[K [01;36m[Knote: [m[Kshadowed declaration is here
   size_t [01;36m[Knum_bytes[m[K;
          [01;36m[K^~~~~~~~~[m[K
[01m[K/opt/ros/melodic/include/ros/serialized_message.h:57:3:[m[K [01;35m[Kwarning: [m[Kdeclaration of ‘[01m[Kbuf[m[K’ shadows a member of ‘[01m[Kros::SerializedMessage[m[K’ [[01;35m[K-Wshadow[m[K]
   [01;35m[K:[m[K buf(buf)
   [01;35m[K^[m[K
[01m[K/opt/ros/melodic/include/ros/serialized_message.h:42:32:[m[K [01;36m[Knote: [m[Kshadowed declaration is here
   boost::shared_array<uint8_t> [01;36m[Kbuf[m[K;
                                [01;36m[K^~~[m[K
In file included from [01m[K/opt/ros/melodic/include/ros/node_handle.h:32[m[K,
                 from [01m[K/opt/ros/melodic/include/ros/ros.h:45[m[K,
                 from [01m[K/home/zach/src/AirSim/ros/src/airsim_car_ros_pkgs/src/airsim_node.cpp:1[m[K:
[01m[K/opt/ros/melodic/include/ros/publisher.h:[m[K In member function ‘[01m[Kros::Publisher::operator void*() const[m[K’:
[01m[K/opt/ros/melodic/include/ros/publisher.h:149:74:[m[K [01;35m[Kwarning: [m[Kuse of old-style cast to ‘[01m[Kvoid*[m[K’ [[01;35m[K-Wold-style-cast[m[K]
     operator void*() const { return (impl_ && impl_->isValid()) ? (void*)[01;35m[K1[m[K : (void*)0; }
                                                                          [01;35m[K^[m[K
                                                                   [31m[K--------[m[K
                                                                   [32m[Kreinterpret_cast<void*> (1)[m[K
[01m[K/opt/ros/melodic/include/ros/publisher.h:149:85:[m[K [01;35m[Kwarning: [m[Kuse of old-style cast to ‘[01m[Kvoid*[m[K’ [[01;35m[K-Wold-style-cast[m[K]
     operator void*() const { return (impl_ && impl_->isValid()) ? (void*)1 : (void*)[01;35m[K0[m[K; }
                                                                                     [01;35m[K^[m[K
                                                                              [31m[K--------[m[K
                                                                              [32m[Kstatic_cast<void*> (0)[m[K
In file included from [01m[K/opt/ros/melodic/include/ros/node_handle.h:33[m[K,
                 from [01m[K/opt/ros/melodic/include/ros/ros.h:45[m[K,
                 from [01m[K/home/zach/src/AirSim/ros/src/airsim_car_ros_pkgs/src/airsim_node.cpp:1[m[K:
[01m[K/opt/ros/melodic/include/ros/subscriber.h:[m[K In member function ‘[01m[Kros::Subscriber::operator void*() const[m[K’:
[01m[K/opt/ros/melodic/include/ros/subscriber.h:72:72:[m[K [01;35m[Kwarning: [m[Kuse of old-style cast to ‘[01m[Kvoid*[m[K’ [[01;35m[K-Wold-style-cast[m[K]
   operator void*() const { return (impl_ && impl_->isValid()) ? (void*)[01;35m[K1[m[K : (void*)0; }
                                                                        [01;35m[K^[m[K
                                                                 [31m[K--------[m[K
                                                                 [32m[Kreinterpret_cast<void*> (1)[m[K
[01m[K/opt/ros/melodic/include/ros/subscriber.h:72:83:[m[K [01;35m[Kwarning: [m[Kuse of old-style cast to ‘[01m[Kvoid*[m[K’ [[01;35m[K-Wold-style-cast[m[K]
   operator void*() const { return (impl_ && impl_->isValid()) ? (void*)1 : (void*)[01;35m[K0[m[K; }
                                                                                   [01;35m[K^[m[K
                                                                            [31m[K--------[m[K
                                                                            [32m[Kstatic_cast<void*> (0)[m[K
In file included from [01m[K/opt/ros/melodic/include/ros/node_handle.h:34[m[K,
                 from [01m[K/opt/ros/melodic/include/ros/ros.h:45[m[K,
                 from [01m[K/home/zach/src/AirSim/ros/src/airsim_car_ros_pkgs/src/airsim_node.cpp:1[m[K:
[01m[K/opt/ros/melodic/include/ros/service_server.h:[m[K In member function ‘[01m[Kros::ServiceServer::operator void*() const[m[K’:
[01m[K/opt/ros/melodic/include/ros/service_server.h:66:72:[m[K [01;35m[Kwarning: [m[Kuse of old-style cast to ‘[01m[Kvoid*[m[K’ [[01;35m[K-Wold-style-cast[m[K]
   operator void*() const { return (impl_ && impl_->isValid()) ? (void*)[01;35m[K1[m[K : (void*)0; }
                                                                        [01;35m[K^[m[K
                                                                 [31m[K--------[m[K
                                                                 [32m[Kreinterpret_cast<void*> (1)[m[K
[01m[K/opt/ros/melodic/include/ros/service_server.h:66:83:[m[K [01;35m[Kwarning: [m[Kuse of old-style cast to ‘[01m[Kvoid*[m[K’ [[01;35m[K-Wold-style-cast[m[K]
   operator void*() const { return (impl_ && impl_->isValid()) ? (void*)1 : (void*)[01;35m[K0[m[K; }
                                                                                   [01;35m[K^[m[K
                                                                            [31m[K--------[m[K
                                                                            [32m[Kstatic_cast<void*> (0)[m[K
In file included from [01m[K/opt/ros/melodic/include/ros/node_handle.h:35[m[K,
                 from [01m[K/opt/ros/melodic/include/ros/ros.h:45[m[K,
                 from [01m[K/home/zach/src/AirSim/ros/src/airsim_car_ros_pkgs/src/airsim_node.cpp:1[m[K:
[01m[K/opt/ros/melodic/include/ros/service_client.h:[m[K In member function ‘[01m[Kros::ServiceClient::operator void*() const[m[K’:
[01m[K/opt/ros/melodic/include/ros/service_client.h:164:54:[m[K [01;35m[Kwarning: [m[Kuse of old-style cast to ‘[01m[Kvoid*[m[K’ [[01;35m[K-Wold-style-cast[m[K]
   operator void*() const { return isValid() ? (void*)[01;35m[K1[m[K : (void*)0; }
                                                      [01;35m[K^[m[K
                                               [31m[K--------[m[K
                                               [32m[Kreinterpret_cast<void*> (1)[m[K
[01m[K/opt/ros/melodic/include/ros/service_client.h:164:65:[m[K [01;35m[Kwarning: [m[Kuse of old-style cast to ‘[01m[Kvoid*[m[K’ [[01;35m[K-Wold-style-cast[m[K]
   operator void*() const { return isValid() ? (void*)1 : (void*)[01;35m[K0[m[K; }
                                                                 [01;35m[K^[m[K
                                                          [31m[K--------[m[K
                                                          [32m[Kstatic_cast<void*> (0)[m[K
In file included from [01m[K/opt/ros/melodic/include/ros/timer.h:33[m[K,
                 from [01m[K/opt/ros/melodic/include/ros/node_handle.h:36[m[K,
                 from [01m[K/opt/ros/melodic/include/ros/ros.h:45[m[K,
                 from [01m[K/home/zach/src/AirSim/ros/src/airsim_car_ros_pkgs/src/airsim_node.cpp:1[m[K:
[01m[K/opt/ros/melodic/include/ros/timer_options.h:[m[K In constructor ‘[01m[Kros::TimerOptions::TimerOptions(ros::Duration, const TimerCallback&, ros::CallbackQueueInterface*, bool, bool)[m[K’:
[01m[K/opt/ros/melodic/include/ros/timer_options.h:55:5:[m[K [01;35m[Kwarning: [m[Kdeclaration of ‘[01m[Kautostart[m[K’ shadows a member of ‘[01m[Kros::TimerOptions[m[K’ [[01;35m[K-Wshadow[m[K]
     [01;35m[K:[m[K period(_period)
     [01;35m[K^[m[K
In file included from [01m[K/opt/ros/melodic/include/ros/timer.h:33[m[K,
                 from [01m[K/opt/ros/melodic/include/ros/node_handle.h:36[m[K,
                 from [01m[K/opt/ros/melodic/include/ros/ros.h:45[m[K,
                 from [01m[K/home/zach/src/AirSim/ros/src/airsim_car_ros_pkgs/src/airsim_node.cpp:1[m[K:
[01m[K/opt/ros/melodic/include/ros/timer_options.h:78:8:[m[K [01;36m[Knote: [m[Kshadowed declaration is here
   bool [01;36m[Kautostart[m[K;
        [01;36m[K^~~~~~~~~[m[K
In file included from [01m[K/opt/ros/melodic/include/ros/timer.h:33[m[K,
                 from [01m[K/opt/ros/melodic/include/ros/node_handle.h:36[m[K,
                 from [01m[K/opt/ros/melodic/include/ros/ros.h:45[m[K,
                 from [01m[K/home/zach/src/AirSim/ros/src/airsim_car_ros_pkgs/src/airsim_node.cpp:1[m[K:
[01m[K/opt/ros/melodic/include/ros/timer_options.h:55:5:[m[K [01;35m[Kwarning: [m[Kdeclaration of ‘[01m[Koneshot[m[K’ shadows a member of ‘[01m[Kros::TimerOptions[m[K’ [[01;35m[K-Wshadow[m[K]
     [01;35m[K:[m[K period(_period)
     [01;35m[K^[m[K
In file included from [01m[K/opt/ros/melodic/include/ros/timer.h:33[m[K,
                 from [01m[K/opt/ros/melodic/include/ros/node_handle.h:36[m[K,
                 from [01m[K/opt/ros/melodic/include/ros/ros.h:45[m[K,
                 from [01m[K/home/zach/src/AirSim/ros/src/airsim_car_ros_pkgs/src/airsim_node.cpp:1[m[K:
[01m[K/opt/ros/melodic/include/ros/timer_options.h:77:8:[m[K [01;36m[Knote: [m[Kshadowed declaration is here
   bool [01;36m[Koneshot[m[K;
        [01;36m[K^~~~~~~[m[K
In file included from [01m[K/opt/ros/melodic/include/ros/node_handle.h:36[m[K,
                 from [01m[K/opt/ros/melodic/include/ros/ros.h:45[m[K,
                 from [01m[K/home/zach/src/AirSim/ros/src/airsim_car_ros_pkgs/src/airsim_node.cpp:1[m[K:
[01m[K/opt/ros/melodic/include/ros/timer.h:[m[K In member function ‘[01m[Kros::Timer::operator void*()[m[K’:
[01m[K/opt/ros/melodic/include/ros/timer.h:78:48:[m[K [01;35m[Kwarning: [m[Kuse of old-style cast to ‘[01m[Kvoid*[m[K’ [[01;35m[K-Wold-style-cast[m[K]
   operator void*() { return isValid() ? (void*)[01;35m[K1[m[K : (void*)0; }
                                                [01;35m[K^[m[K
                                         [31m[K--------[m[K
                                         [32m[Kreinterpret_cast<void*> (1)[m[K
[01m[K/opt/ros/melodic/include/ros/timer.h:78:59:[m[K [01;35m[Kwarning: [m[Kuse of old-style cast to ‘[01m[Kvoid*[m[K’ [[01;35m[K-Wold-style-cast[m[K]
   operator void*() { return isValid() ? (void*)1 : (void*)[01;35m[K0[m[K; }
                                                           [01;35m[K^[m[K
                                                    [31m[K--------[m[K
                                                    [32m[Kstatic_cast<void*> (0)[m[K
In file included from [01m[K/opt/ros/melodic/include/ros/wall_timer.h:33[m[K,
                 from [01m[K/opt/ros/melodic/include/ros/node_handle.h:38[m[K,
                 from [01m[K/opt/ros/melodic/include/ros/ros.h:45[m[K,
                 from [01m[K/home/zach/src/AirSim/ros/src/airsim_car_ros_pkgs/src/airsim_node.cpp:1[m[K:
[01m[K/opt/ros/melodic/include/ros/wall_timer_options.h:[m[K In constructor ‘[01m[Kros::WallTimerOptions::WallTimerOptions(ros::WallDuration, const WallTimerCallback&, ros::CallbackQueueInterface*, bool, bool)[m[K’:
[01m[K/opt/ros/melodic/include/ros/wall_timer_options.h:56:3:[m[K [01;35m[Kwarning: [m[Kdeclaration of ‘[01m[Kautostart[m[K’ shadows a member of ‘[01m[Kros::WallTimerOptions[m[K’ [[01;35m[K-Wshadow[m[K]
   [01;35m[K:[m[K period(_period)
   [01;35m[K^[m[K
In file included from [01m[K/opt/ros/melodic/include/ros/wall_timer.h:33[m[K,
                 from [01m[K/opt/ros/melodic/include/ros/node_handle.h:38[m[K,
                 from [01m[K/opt/ros/melodic/include/ros/ros.h:45[m[K,
                 from [01m[K/home/zach/src/AirSim/ros/src/airsim_car_ros_pkgs/src/airsim_node.cpp:1[m[K:
[01m[K/opt/ros/melodic/include/ros/wall_timer_options.h:79:8:[m[K [01;36m[Knote: [m[Kshadowed declaration is here
   bool [01;36m[Kautostart[m[K;
        [01;36m[K^~~~~~~~~[m[K
In file included from [01m[K/opt/ros/melodic/include/ros/wall_timer.h:33[m[K,
                 from [01m[K/opt/ros/melodic/include/ros/node_handle.h:38[m[K,
                 from [01m[K/opt/ros/melodic/include/ros/ros.h:45[m[K,
                 from [01m[K/home/zach/src/AirSim/ros/src/airsim_car_ros_pkgs/src/airsim_node.cpp:1[m[K:
[01m[K/opt/ros/melodic/include/ros/wall_timer_options.h:56:3:[m[K [01;35m[Kwarning: [m[Kdeclaration of ‘[01m[Koneshot[m[K’ shadows a member of ‘[01m[Kros::WallTimerOptions[m[K’ [[01;35m[K-Wshadow[m[K]
   [01;35m[K:[m[K period(_period)
   [01;35m[K^[m[K
In file included from [01m[K/opt/ros/melodic/include/ros/wall_timer.h:33[m[K,
                 from [01m[K/opt/ros/melodic/include/ros/node_handle.h:38[m[K,
                 from [01m[K/opt/ros/melodic/include/ros/ros.h:45[m[K,
                 from [01m[K/home/zach/src/AirSim/ros/src/airsim_car_ros_pkgs/src/airsim_node.cpp:1[m[K:
[01m[K/opt/ros/melodic/include/ros/wall_timer_options.h:78:8:[m[K [01;36m[Knote: [m[Kshadowed declaration is here
   bool [01;36m[Koneshot[m[K;
        [01;36m[K^~~~~~~[m[K
In file included from [01m[K/opt/ros/melodic/include/ros/node_handle.h:38[m[K,
                 from [01m[K/opt/ros/melodic/include/ros/ros.h:45[m[K,
                 from [01m[K/home/zach/src/AirSim/ros/src/airsim_car_ros_pkgs/src/airsim_node.cpp:1[m[K:
[01m[K/opt/ros/melodic/include/ros/wall_timer.h:[m[K In member function ‘[01m[Kros::WallTimer::operator void*()[m[K’:
[01m[K/opt/ros/melodic/include/ros/wall_timer.h:77:48:[m[K [01;35m[Kwarning: [m[Kuse of old-style cast to ‘[01m[Kvoid*[m[K’ [[01;35m[K-Wold-style-cast[m[K]
   operator void*() { return isValid() ? (void*)[01;35m[K1[m[K : (void*)0; }
                                                [01;35m[K^[m[K
                                         [31m[K--------[m[K
                                         [32m[Kreinterpret_cast<void*> (1)[m[K
[01m[K/opt/ros/melodic/include/ros/wall_timer.h:77:59:[m[K [01;35m[Kwarning: [m[Kuse of old-style cast to ‘[01m[Kvoid*[m[K’ [[01;35m[K-Wold-style-cast[m[K]
   operator void*() { return isValid() ? (void*)1 : (void*)[01;35m[K0[m[K; }
                                                           [01;35m[K^[m[K
                                                    [31m[K--------[m[K
                                                    [32m[Kstatic_cast<void*> (0)[m[K
In file included from [01m[K/opt/ros/melodic/include/ros/steady_timer.h:33[m[K,
                 from [01m[K/opt/ros/melodic/include/ros/node_handle.h:39[m[K,
                 from [01m[K/opt/ros/melodic/include/ros/ros.h:45[m[K,
                 from [01m[K/home/zach/src/AirSim/ros/src/airsim_car_ros_pkgs/src/airsim_node.cpp:1[m[K:
[01m[K/opt/ros/melodic/include/ros/steady_timer_options.h:[m[K In constructor ‘[01m[Kros::SteadyTimerOptions::SteadyTimerOptions(ros::WallDuration, const SteadyTimerCallback&, ros::CallbackQueueInterface*, bool, bool)[m[K’:
[01m[K/opt/ros/melodic/include/ros/steady_timer_options.h:56:3:[m[K [01;35m[Kwarning: [m[Kdeclaration of ‘[01m[Kautostart[m[K’ shadows a member of ‘[01m[Kros::SteadyTimerOptions[m[K’ [[01;35m[K-Wshadow[m[K]
   [01;35m[K:[m[K period(_period)
   [01;35m[K^[m[K
In file included from [01m[K/opt/ros/melodic/include/ros/steady_timer.h:33[m[K,
                 from [01m[K/opt/ros/melodic/include/ros/node_handle.h:39[m[K,
                 from [01m[K/opt/ros/melodic/include/ros/ros.h:45[m[K,
                 from [01m[K/home/zach/src/AirSim/ros/src/airsim_car_ros_pkgs/src/airsim_node.cpp:1[m[K:
[01m[K/opt/ros/melodic/include/ros/steady_timer_options.h:79:8:[m[K [01;36m[Knote: [m[Kshadowed declaration is here
   bool [01;36m[Kautostart[m[K;
        [01;36m[K^~~~~~~~~[m[K
In file included from [01m[K/opt/ros/melodic/include/ros/steady_timer.h:33[m[K,
                 from [01m[K/opt/ros/melodic/include/ros/node_handle.h:39[m[K,
                 from [01m[K/opt/ros/melodic/include/ros/ros.h:45[m[K,
                 from [01m[K/home/zach/src/AirSim/ros/src/airsim_car_ros_pkgs/src/airsim_node.cpp:1[m[K:
[01m[K/opt/ros/melodic/include/ros/steady_timer_options.h:56:3:[m[K [01;35m[Kwarning: [m[Kdeclaration of ‘[01m[Koneshot[m[K’ shadows a member of ‘[01m[Kros::SteadyTimerOptions[m[K’ [[01;35m[K-Wshadow[m[K]
   [01;35m[K:[m[K period(_period)
   [01;35m[K^[m[K
In file included from [01m[K/opt/ros/melodic/include/ros/steady_timer.h:33[m[K,
                 from [01m[K/opt/ros/melodic/include/ros/node_handle.h:39[m[K,
                 from [01m[K/opt/ros/melodic/include/ros/ros.h:45[m[K,
                 from [01m[K/home/zach/src/AirSim/ros/src/airsim_car_ros_pkgs/src/airsim_node.cpp:1[m[K:
[01m[K/opt/ros/melodic/include/ros/steady_timer_options.h:78:8:[m[K [01;36m[Knote: [m[Kshadowed declaration is here
   bool [01;36m[Koneshot[m[K;
        [01;36m[K^~~~~~~[m[K
In file included from [01m[K/opt/ros/melodic/include/ros/node_handle.h:39[m[K,
                 from [01m[K/opt/ros/melodic/include/ros/ros.h:45[m[K,
                 from [01m[K/home/zach/src/AirSim/ros/src/airsim_car_ros_pkgs/src/airsim_node.cpp:1[m[K:
[01m[K/opt/ros/melodic/include/ros/steady_timer.h:[m[K In member function ‘[01m[Kros::SteadyTimer::operator void*()[m[K’:
[01m[K/opt/ros/melodic/include/ros/steady_timer.h:77:50:[m[K [01;35m[Kwarning: [m[Kuse of old-style cast to ‘[01m[Kvoid*[m[K’ [[01;35m[K-Wold-style-cast[m[K]
   operator void*() { return isValid() ? (void *) [01;35m[K1[m[K : (void *) 0; }
                                                  [01;35m[K^[m[K
                                         [31m[K----------[m[K
                                         [32m[Kreinterpret_cast<void *> ( 1)[m[K
[01m[K/opt/ros/melodic/include/ros/steady_timer.h:77:63:[m[K [01;35m[Kwarning: [m[Kuse of old-style cast to ‘[01m[Kvoid*[m[K’ [[01;35m[K-Wold-style-cast[m[K]
   operator void*() { return isValid() ? (void *) 1 : (void *) [01;35m[K0[m[K; }
                                                               [01;35m[K^[m[K
                                                      [31m[K----------[m[K
                                                      [32m[Kstatic_cast<void *> ( 0)[m[K
In file included from [01m[K/opt/ros/melodic/include/ros/node_handle.h:52[m[K,
                 from [01m[K/opt/ros/melodic/include/ros/ros.h:45[m[K,
                 from [01m[K/home/zach/src/AirSim/ros/src/airsim_car_ros_pkgs/src/airsim_node.cpp:1[m[K:
[01m[K/opt/ros/melodic/include/xmlrpcpp/XmlRpcValue.h:[m[K In constructor ‘[01m[KXmlRpc::XmlRpcValue::XmlRpcValue(void*, int)[m[K’:
[01m[K/opt/ros/melodic/include/xmlrpcpp/XmlRpcValue.h:65:47:[m[K [01;35m[Kwarning: [m[Kuse of old-style cast to ‘[01m[Kchar*[m[K’ [[01;35m[K-Wold-style-cast[m[K]
       _value.asBinary = new BinaryData((char*)[01;35m[Kvalue[m[K, ((char*)value)+nBytes);
                                               [01;35m[K^~~~~[m[K
                                        [31m[K------------[m[K
                                        [32m[Kstatic_cast<char*> (value)[m[K
[01m[K/opt/ros/melodic/include/xmlrpcpp/XmlRpcValue.h:65:62:[m[K [01;35m[Kwarning: [m[Kuse of old-style cast to ‘[01m[Kchar*[m[K’ [[01;35m[K-Wold-style-cast[m[K]
       _value.asBinary = new BinaryData((char*)value, ((char*)[01;35m[Kvalue[m[K)+nBytes);
                                                              [01;35m[K^~~~~[m[K
                                                       [31m[K------------[m[K
                                                       [32m[Kstatic_cast<char*> (value)[m[K
In file included from [01m[K/opt/ros/melodic/include/ros/ros.h:45[m[K,
                 from [01m[K/home/zach/src/AirSim/ros/src/airsim_car_ros_pkgs/src/airsim_node.cpp:1[m[K:
[01m[K/opt/ros/melodic/include/ros/node_handle.h:[m[K In member function ‘[01m[Kros::CallbackQueueInterface* ros::NodeHandle::getCallbackQueue() const[m[K’:
[01m[K/opt/ros/melodic/include/ros/node_handle.h:185:98:[m[K [01;35m[Kwarning: [m[Kuse of old-style cast to ‘[01m[Kclass ros::CallbackQueueInterface*[m[K’ [[01;35m[K-Wold-style-cast[m[K]
       return callback_queue_ ? callback_queue_ : (CallbackQueueInterface*)getGlobalCallbackQueue([01;35m[K)[m[K;
                                                                                                  [01;35m[K^[m[K
                                                  [31m[K-[m[K
                                                  [32m[Kreinterpret_cast<[m[K       [31m[K-[m[K
                                                                          [32m[K> ([m[K                      [32m[K)[m[K
In file included from [01m[K/home/zach/src/AirSim/ros/src/airsim_car_ros_pkgs/../../../../AirSim/external/rpclib/rpclib-2.2.1/include/rpc/msgpack/object.hpp:15[m[K,
                 from [01m[K/home/zach/src/AirSim/ros/src/airsim_car_ros_pkgs/../../../../AirSim/external/rpclib/rpclib-2.2.1/include/rpc/msgpack.hpp:23[m[K,
                 from [01m[K/home/zach/src/AirSim/ros/src/airsim_car_ros_pkgs/../../../../AirSim/external/rpclib/rpclib-2.2.1/include/rpc/rpc_error.h:8[m[K,
                 from [01m[K/home/zach/src/AirSim/ros/src/airsim_car_ros_pkgs/include/airsim_ros_wrapper.h:6[m[K,
                 from [01m[K/home/zach/src/AirSim/ros/src/airsim_car_ros_pkgs/src/airsim_node.cpp:2[m[K:
[01m[K/home/zach/src/AirSim/ros/src/airsim_car_ros_pkgs/../../../../AirSim/external/rpclib/rpclib-2.2.1/include/rpc/msgpack/v1/object.hpp:[m[K In function ‘[01m[Kvoid clmdep_msgpack::v1::operator<<(clmdep_msgpack::v2::object&, const msgpack_object&)[m[K’:
[01m[K/home/zach/src/AirSim/ros/src/airsim_car_ros_pkgs/../../../../AirSim/external/rpclib/rpclib-2.2.1/include/rpc/msgpack/v1/object.hpp:656:34:[m[K [01;35m[Kwarning: [m[K‘[01m[Kvoid* memcpy(void*, const void*, size_t)[m[K’ copying an object of non-trivial type ‘[01m[Kstruct clmdep_msgpack::v2::object[m[K’ from an array of ‘[01m[Kconst msgpack_object[m[K’ {aka ‘[01m[Kconst struct msgpack_object[m[K’} [[01;35m[K-Wclass-memaccess[m[K]
     std::memcpy(&o, &v, sizeof(v)[01;35m[K)[m[K;
                                  [01;35m[K^[m[K
In file included from [01m[K/home/zach/src/AirSim/ros/src/airsim_car_ros_pkgs/../../../../AirSim/external/rpclib/rpclib-2.2.1/include/rpc/msgpack/object_fwd.hpp:17[m[K,
                 from [01m[K/home/zach/src/AirSim/ros/src/airsim_car_ros_pkgs/../../../../AirSim/external/rpclib/rpclib-2.2.1/include/rpc/msgpack/v1/adaptor/adaptor_base_decl.hpp:14[m[K,
                 from [01m[K/home/zach/src/AirSim/ros/src/airsim_car_ros_pkgs/../../../../AirSim/external/rpclib/rpclib-2.2.1/include/rpc/msgpack/adaptor/adaptor_base_decl.hpp:13[m[K,
                 from [01m[K/home/zach/src/AirSim/ros/src/airsim_car_ros_pkgs/../../../../AirSim/external/rpclib/rpclib-2.2.1/include/rpc/msgpack/adaptor/adaptor_base.hpp:13[m[K,
                 from [01m[K/home/zach/src/AirSim/ros/src/airsim_car_ros_pkgs/../../../../AirSim/external/rpclib/rpclib-2.2.1/include/rpc/msgpack/v1/object_decl.hpp:16[m[K,
                 from [01m[K/home/zach/src/AirSim/ros/src/airsim_car_ros_pkgs/../../../../AirSim/external/rpclib/rpclib-2.2.1/include/rpc/msgpack/object_decl.hpp:14[m[K,
                 from [01m[K/home/zach/src/AirSim/ros/src/airsim_car_ros_pkgs/../../../../AirSim/external/rpclib/rpclib-2.2.1/include/rpc/msgpack/object.hpp:13[m[K,
                 from [01m[K/home/zach/src/AirSim/ros/src/airsim_car_ros_pkgs/../../../../AirSim/external/rpclib/rpclib-2.2.1/include/rpc/msgpack.hpp:23[m[K,
                 from [01m[K/home/zach/src/AirSim/ros/src/airsim_car_ros_pkgs/../../../../AirSim/external/rpclib/rpclib-2.2.1/include/rpc/rpc_error.h:8[m[K,
                 from [01m[K/home/zach/src/AirSim/ros/src/airsim_car_ros_pkgs/include/airsim_ros_wrapper.h:6[m[K,
                 from [01m[K/home/zach/src/AirSim/ros/src/airsim_car_ros_pkgs/src/airsim_node.cpp:2[m[K:
[01m[K/home/zach/src/AirSim/ros/src/airsim_car_ros_pkgs/../../../../AirSim/external/rpclib/rpclib-2.2.1/include/rpc/msgpack/v2/object_fwd.hpp:23:8:[m[K [01;36m[Knote: [m[K‘[01m[Kstruct clmdep_msgpack::v2::object[m[K’ declared here
 struct [01;36m[Kobject[m[K : v1::object {
        [01;36m[K^~~~~~[m[K
In file included from [01m[K/home/zach/src/AirSim/ros/src/airsim_car_ros_pkgs/../../../../AirSim/AirLib/include/common/Common.hpp:14[m[K,
                 from [01m[K/home/zach/src/AirSim/ros/src/airsim_car_ros_pkgs/../../../../AirSim/AirLib/include/vehicles/multirotor/api/MultirotorRpcLibClient.hpp:7[m[K,
                 from [01m[K/home/zach/src/AirSim/ros/src/airsim_car_ros_pkgs/include/airsim_settings_parser.h:9[m[K,
                 from [01m[K/home/zach/src/AirSim/ros/src/airsim_car_ros_pkgs/include/airsim_ros_wrapper.h:9[m[K,
                 from [01m[K/home/zach/src/AirSim/ros/src/airsim_car_ros_pkgs/src/airsim_node.cpp:2[m[K:
[01m[K/home/zach/src/AirSim/ros/src/airsim_car_ros_pkgs/../../../../AirSim/AirLib/include/common/common_utils/Utils.hpp:[m[K In static member function ‘[01m[Kstatic common_utils::Utils::string common_utils::Utils::to_string(time_t, const char*)[m[K’:
[01m[K/home/zach/src/AirSim/ros/src/airsim_car_ros_pkgs/../../../../AirSim/AirLib/include/common/common_utils/Utils.hpp:501:72:[m[K [01;35m[Kwarning: [m[Kformat not a string literal, format string not checked [[01;35m[K-Wformat-nonliteral[m[K]
         if (std::strftime(str, sizeof(str), format, std::localtime(&tt)[01;35m[K)[m[K)
                                                                        [01;35m[K^[m[K
[01m[K/home/zach/src/AirSim/ros/src/airsim_car_ros_pkgs/../../../../AirSim/AirLib/include/common/common_utils/Utils.hpp:[m[K In static member function ‘[01m[Kstatic common_utils::Utils::string common_utils::Utils::to_string(common_utils::Utils::time_point<std::chrono::_V2::system_clock>, const char*)[m[K’:
[01m[K/home/zach/src/AirSim/ros/src/airsim_car_ros_pkgs/../../../../AirSim/AirLib/include/common/common_utils/Utils.hpp:510:72:[m[K [01;35m[Kwarning: [m[Kformat not a string literal, format string not checked [[01;35m[K-Wformat-nonliteral[m[K]
         if (std::strftime(str, sizeof(str), format, std::localtime(&tt)[01;35m[K)[m[K)
                                                                        [01;35m[K^[m[K
In file included from [01m[K/home/zach/src/AirSim/ros/src/airsim_car_ros_pkgs/include/airsim_ros_wrapper.h:29[m[K,
                 from [01m[K/home/zach/src/AirSim/ros/src/airsim_car_ros_pkgs/src/airsim_node.cpp:2[m[K:
[01m[K/opt/ros/melodic/include/cv_bridge/cv_bridge.h:[m[K In constructor ‘[01m[Kcv_bridge::CvImage::CvImage(const Header&, const string&, const cv::Mat&)[m[K’:
[01m[K/opt/ros/melodic/include/cv_bridge/cv_bridge.h:93:5:[m[K [01;35m[Kwarning: [m[Kdeclaration of ‘[01m[Kimage[m[K’ shadows a member of ‘[01m[Kcv_bridge::CvImage[m[K’ [[01;35m[K-Wshadow[m[K]
     [01;35m[K:[m[K header(header), encoding(encoding), image(image)
     [01;35m[K^[m[K
[01m[K/opt/ros/melodic/include/cv_bridge/cv_bridge.h:81:11:[m[K [01;36m[Knote: [m[Kshadowed declaration is here
   cv::Mat [01;36m[Kimage[m[K;           //!< Image data for use with OpenCV
           [01;36m[K^~~~~[m[K
[01m[K/opt/ros/melodic/include/cv_bridge/cv_bridge.h:93:5:[m[K [01;35m[Kwarning: [m[Kdeclaration of ‘[01m[Kencoding[m[K’ shadows a member of ‘[01m[Kcv_bridge::CvImage[m[K’ [[01;35m[K-Wshadow[m[K]
     [01;35m[K:[m[K header(header), encoding(encoding), image(image)
     [01;35m[K^[m[K
[01m[K/opt/ros/melodic/include/cv_bridge/cv_bridge.h:80:15:[m[K [01;36m[Knote: [m[Kshadowed declaration is here
   std::string [01;36m[Kencoding[m[K;    //!< Image encoding ("mono8", "bgr8", etc.)
               [01;36m[K^~~~~~~~[m[K
[01m[K/opt/ros/melodic/include/cv_bridge/cv_bridge.h:93:5:[m[K [01;35m[Kwarning: [m[Kdeclaration of ‘[01m[Kheader[m[K’ shadows a member of ‘[01m[Kcv_bridge::CvImage[m[K’ [[01;35m[K-Wshadow[m[K]
     [01;35m[K:[m[K header(header), encoding(encoding), image(image)
     [01;35m[K^[m[K
[01m[K/opt/ros/melodic/include/cv_bridge/cv_bridge.h:79:20:[m[K [01;36m[Knote: [m[Kshadowed declaration is here
   std_msgs::Header [01;36m[Kheader[m[K; //!< ROS header
                    [01;36m[K^~~~~~[m[K
[01m[K/opt/ros/melodic/include/cv_bridge/cv_bridge.h:[m[K In static member function ‘[01m[Kstatic void ros::serialization::Serializer<cv_bridge::CvImage>::write(Stream&, const cv_bridge::CvImage&)[m[K’:
[01m[K/opt/ros/melodic/include/cv_bridge/cv_bridge.h:362:35:[m[K [01;35m[Kwarning: [m[Kuse of old-style cast to ‘[01m[Kuint32_t[m[K’ {aka ‘[01m[Kunsigned int[m[K’} [[01;35m[K-Wold-style-cast[m[K]
     stream.next((uint32_t)m.image.[01;35m[Krows[m[K); // height
                                   [01;35m[K^~~~[m[K
[01m[K/opt/ros/melodic/include/cv_bridge/cv_bridge.h:363:35:[m[K [01;35m[Kwarning: [m[Kuse of old-style cast to ‘[01m[Kuint32_t[m[K’ {aka ‘[01m[Kunsigned int[m[K’} [[01;35m[K-Wold-style-cast[m[K]
     stream.next((uint32_t)m.image.[01;35m[Kcols[m[K); // width
                                   [01;35m[K^~~~[m[K
[01m[K/opt/ros/melodic/include/cv_bridge/cv_bridge.h:367:35:[m[K [01;35m[Kwarning: [m[Kuse of old-style cast to ‘[01m[Kuint32_t[m[K’ {aka ‘[01m[Kunsigned int[m[K’} [[01;35m[K-Wold-style-cast[m[K]
     stream.next((uint32_t)m.image.[01;35m[Kstep[m[K);
                                   [01;35m[K^~~~[m[K
[01m[K/opt/ros/melodic/include/cv_bridge/cv_bridge.h:369:27:[m[K [01;35m[Kwarning: [m[Kuse of old-style cast to ‘[01m[Kuint32_t[m[K’ {aka ‘[01m[Kunsigned int[m[K’} [[01;35m[K-Wold-style-cast[m[K]
     stream.next((uint32_t)[01;35m[Kdata_size[m[K);
                           [01;35m[K^~~~~~~~~[m[K
[01m[K/opt/ros/melodic/include/cv_bridge/cv_bridge.h:[m[K In static member function ‘[01m[Kstatic void ros::serialization::Serializer<cv_bridge::CvImage>::read(Stream&, cv_bridge::CvImage&)[m[K’:
[01m[K/opt/ros/melodic/include/cv_bridge/cv_bridge.h:389:22:[m[K [01;35m[Kwarning: [m[Kuse of old-style cast to ‘[01m[Kint[m[K’ [[01;35m[K-Wold-style-cast[m[K]
     cv::Mat tmp((int)[01;35m[Kheight[m[K, (int)width, type, stream.advance(data_size), (size_t)step);
                      [01;35m[K^~~~~~[m[K
[01m[K/opt/ros/melodic/include/cv_bridge/cv_bridge.h:389:35:[m[K [01;35m[Kwarning: [m[Kuse of old-style cast to ‘[01m[Kint[m[K’ [[01;35m[K-Wold-style-cast[m[K]
     cv::Mat tmp((int)height, (int)[01;35m[Kwidth[m[K, type, stream.advance(data_size), (size_t)step);
                                   [01;35m[K^~~~~[m[K
[01m[K/opt/ros/melodic/include/cv_bridge/cv_bridge.h:389:83:[m[K [01;35m[Kwarning: [m[Kuse of old-style cast to ‘[01m[Ksize_t[m[K’ {aka ‘[01m[Klong unsigned int[m[K’} [[01;35m[K-Wold-style-cast[m[K]
     cv::Mat tmp((int)height, (int)width, type, stream.advance(data_size), (size_t)[01;35m[Kstep[m[K);
                                                                                   [01;35m[K^~~~[m[K
In file included from [01m[K/home/zach/src/AirSim/ros/src/airsim_car_ros_pkgs/include/airsim_ros_wrapper.h:36[m[K,
                 from [01m[K/home/zach/src/AirSim/ros/src/airsim_car_ros_pkgs/src/airsim_node.cpp:2[m[K:
[01m[K/home/zach/src/AirSim/ros/src/airsim_car_ros_pkgs/include/math_common.h:[m[K In function ‘[01m[KT math_common::wrap_to_pi(T)[m[K’:
[01m[K/home/zach/src/AirSim/ros/src/airsim_car_ros_pkgs/include/math_common.h:18:43:[m[K [01;35m[Kwarning: [m[Kuse of old-style cast to ‘[01m[Kint[m[K’ [[01;35m[K-Wold-style-cast[m[K]
         int m = (int) ( radians/ (2*M_PI) [01;35m[K)[m[K;
                                           [01;35m[K^[m[K
In file included from [01m[K/opt/ros/melodic/include/tf2/LinearMath/Vector3.h:21[m[K,
                 from [01m[K/opt/ros/melodic/include/tf2/LinearMath/Matrix3x3.h:19[m[K,
                 from [01m[K/home/zach/src/AirSim/ros/src/airsim_car_ros_pkgs/include/airsim_ros_wrapper.h:51[m[K,
                 from [01m[K/home/zach/src/AirSim/ros/src/airsim_car_ros_pkgs/src/airsim_node.cpp:2[m[K:
[01m[K/opt/ros/melodic/include/tf2/LinearMath/Scalar.h:[m[K In function ‘[01m[Kbool tf2MachineIsLittleEndian()[m[K’:
[01m[K/opt/ros/melodic/include/tf2/LinearMath/Scalar.h:252:36:[m[K [01;35m[Kwarning: [m[Kuse of old-style cast to ‘[01m[Kconst char*[m[K’ [[01;35m[K-Wold-style-cast[m[K]
    const char *p = (const char *) &[01;35m[Ki[m[K;
                                    [01;35m[K^[m[K
                    [31m[K-----------------[m[K
                    [32m[Kreinterpret_cast<const char *> ( &i)[m[K
[01m[K/opt/ros/melodic/include/tf2/LinearMath/Scalar.h:[m[K In function ‘[01m[Kunsigned int tf2Select(unsigned int, unsigned int, unsigned int)[m[K’:
[01m[K/opt/ros/melodic/include/tf2/LinearMath/Scalar.h:269:40:[m[K [01;35m[Kwarning: [m[Kuse of old-style cast to ‘[01m[Kint[m[K’ [[01;35m[K-Wold-style-cast[m[K]
     unsigned testNz = (unsigned)(((int)[01;35m[Kcondition[m[K | -(int)condition) >> 31);
                                        [01;35m[K^~~~~~~~~[m[K
                                   [31m[K--------------[m[K
                                   [32m[Kstatic_cast<int> (condition)[m[K
[01m[K/opt/ros/melodic/include/tf2/LinearMath/Scalar.h:269:58:[m[K [01;35m[Kwarning: [m[Kuse of old-style cast to ‘[01m[Kint[m[K’ [[01;35m[K-Wold-style-cast[m[K]
     unsigned testNz = (unsigned)(((int)condition | -(int)[01;35m[Kcondition[m[K) >> 31);
                                                          [01;35m[K^~~~~~~~~[m[K
                                                     [31m[K--------------[m[K
                                                     [32m[Kstatic_cast<int> (condition)[m[K
[01m[K/opt/ros/melodic/include/tf2/LinearMath/Scalar.h:269:74:[m[K [01;35m[Kwarning: [m[Kuse of old-style cast to ‘[01m[Kunsigned int[m[K’ [[01;35m[K-Wold-style-cast[m[K]
     unsigned testNz = (unsigned)(((int)condition | -(int)condition) >> 31[01;35m[K)[m[K;
                                                                          [01;35m[K^[m[K
                       [31m[K----------[m[K
                       [32m[Kstatic_cast<unsigned> ([m[K                             [32m[K)[m[K
[01m[K/opt/ros/melodic/include/tf2/LinearMath/Scalar.h:[m[K In function ‘[01m[Kint tf2Select(unsigned int, int, int)[m[K’:
[01m[K/opt/ros/melodic/include/tf2/LinearMath/Scalar.h:275:40:[m[K [01;35m[Kwarning: [m[Kuse of old-style cast to ‘[01m[Kint[m[K’ [[01;35m[K-Wold-style-cast[m[K]
     unsigned testNz = (unsigned)(((int)[01;35m[Kcondition[m[K | -(int)condition) >> 31);
                                        [01;35m[K^~~~~~~~~[m[K
                                   [31m[K--------------[m[K
                                   [32m[Kstatic_cast<int> (condition)[m[K
[01m[K/opt/ros/melodic/include/tf2/LinearMath/Scalar.h:275:58:[m[K [01;35m[Kwarning: [m[Kuse of old-style cast to ‘[01m[Kint[m[K’ [[01;35m[K-Wold-style-cast[m[K]
     unsigned testNz = (unsigned)(((int)condition | -(int)[01;35m[Kcondition[m[K) >> 31);
                                                          [01;35m[K^~~~~~~~~[m[K
                                                     [31m[K--------------[m[K
                                                     [32m[Kstatic_cast<int> (condition)[m[K
[01m[K/opt/ros/melodic/include/tf2/LinearMath/Scalar.h:275:74:[m[K [01;35m[Kwarning: [m[Kuse of old-style cast to ‘[01m[Kunsigned int[m[K’ [[01;35m[K-Wold-style-cast[m[K]
     unsigned testNz = (unsigned)(((int)condition | -(int)condition) >> 31[01;35m[K)[m[K;
                                                                          [01;35m[K^[m[K
                       [31m[K----------[m[K
                       [32m[Kstatic_cast<unsigned> ([m[K                             [32m[K)[m[K
[01m[K/opt/ros/melodic/include/tf2/LinearMath/Scalar.h:[m[K In function ‘[01m[Kunsigned int tf2SwapEndian(int)[m[K’:
[01m[K/opt/ros/melodic/include/tf2/LinearMath/Scalar.h:309:33:[m[K [01;35m[Kwarning: [m[Kuse of old-style cast to ‘[01m[Kunsigned int[m[K’ [[01;35m[K-Wold-style-cast[m[K]
  return tf2SwapEndian((unsigned)[01;35m[Kval[m[K);
                                 [01;35m[K^~~[m[K
                       [31m[K-------------[m[K
                       [32m[Kstatic_cast<unsigned> (val)[m[K
[01m[K/opt/ros/melodic/include/tf2/LinearMath/Scalar.h:[m[K In function ‘[01m[Kshort unsigned int tf2SwapEndian(short int)[m[K’:
[01m[K/opt/ros/melodic/include/tf2/LinearMath/Scalar.h:314:40:[m[K [01;35m[Kwarning: [m[Kuse of old-style cast to ‘[01m[Kshort unsigned int[m[K’ [[01;35m[K-Wold-style-cast[m[K]
  return tf2SwapEndian((unsigned short) [01;35m[Kval[m[K);
                                        [01;35m[K^~~[m[K
                       [31m[K-[m[K
                       [32m[Kstatic_cast<[m[K   [31m[K-[m[K
                                      [32m[K> ([m[K  [32m[K)[m[K
[01m[K/opt/ros/melodic/include/tf2/LinearMath/Scalar.h:[m[K In function ‘[01m[Kunsigned int tf2SwapEndianFloat(float)[m[K’:
[01m[K/opt/ros/melodic/include/tf2/LinearMath/Scalar.h:326:44:[m[K [01;35m[Kwarning: [m[Kuse of old-style cast to ‘[01m[Kunsigned char*[m[K’ [[01;35m[K-Wold-style-cast[m[K]
     unsigned char *dst = (unsigned char *)&[01;35m[Ka[m[K;
                                            [01;35m[K^[m[K
                          [31m[K-------------------[m[K
                          [32m[Kreinterpret_cast<unsigned char *> (&a)[m[K
[01m[K/opt/ros/melodic/include/tf2/LinearMath/Scalar.h:327:44:[m[K [01;35m[Kwarning: [m[Kuse of old-style cast to ‘[01m[Kunsigned char*[m[K’ [[01;35m[K-Wold-style-cast[m[K]
     unsigned char *src = (unsigned char *)&[01;35m[Kd[m[K;
                                            [01;35m[K^[m[K
                          [31m[K-------------------[m[K
                          [32m[Kreinterpret_cast<unsigned char *> (&d)[m[K
[01m[K/opt/ros/melodic/include/tf2/LinearMath/Scalar.h:[m[K In function ‘[01m[Kfloat tf2UnswapEndianFloat(unsigned int)[m[K’:
[01m[K/opt/ros/melodic/include/tf2/LinearMath/Scalar.h:340:44:[m[K [01;35m[Kwarning: [m[Kuse of old-style cast to ‘[01m[Kunsigned char*[m[K’ [[01;35m[K-Wold-style-cast[m[K]
     unsigned char *src = (unsigned char *)&[01;35m[Ka[m[K;
                                            [01;35m[K^[m[K
                          [31m[K-------------------[m[K
                          [32m[Kreinterpret_cast<unsigned char *> (&a)[m[K
[01m[K/opt/ros/melodic/include/tf2/LinearMath/Scalar.h:341:44:[m[K [01;35m[Kwarning: [m[Kuse of old-style cast to ‘[01m[Kunsigned char*[m[K’ [[01;35m[K-Wold-style-cast[m[K]
     unsigned char *dst = (unsigned char *)&[01;35m[Kd[m[K;
                                            [01;35m[K^[m[K
                          [31m[K-------------------[m[K
                          [32m[Kreinterpret_cast<unsigned char *> (&d)[m[K
[01m[K/opt/ros/melodic/include/tf2/LinearMath/Scalar.h:[m[K In function ‘[01m[Kvoid tf2SwapEndianDouble(double, unsigned char*)[m[K’:
[01m[K/opt/ros/melodic/include/tf2/LinearMath/Scalar.h:355:44:[m[K [01;35m[Kwarning: [m[Kuse of old-style cast to ‘[01m[Kunsigned char*[m[K’ [[01;35m[K-Wold-style-cast[m[K]
     unsigned char *src = (unsigned char *)&[01;35m[Kd[m[K;
                                            [01;35m[K^[m[K
                          [31m[K-------------------[m[K
                          [32m[Kreinterpret_cast<unsigned char *> (&d)[m[K
[01m[K/opt/ros/melodic/include/tf2/LinearMath/Scalar.h:[m[K In function ‘[01m[Kdouble tf2UnswapEndianDouble(const unsigned char*)[m[K’:
[01m[K/opt/ros/melodic/include/tf2/LinearMath/Scalar.h:372:44:[m[K [01;35m[Kwarning: [m[Kuse of old-style cast to ‘[01m[Kunsigned char*[m[K’ [[01;35m[K-Wold-style-cast[m[K]
     unsigned char *dst = (unsigned char *)&[01;35m[Kd[m[K;
                                            [01;35m[K^[m[K
                          [31m[K-------------------[m[K
                          [32m[Kreinterpret_cast<unsigned char *> (&d)[m[K
In file included from [01m[K/opt/ros/melodic/include/tf2/LinearMath/Matrix3x3.h:19[m[K,
                 from [01m[K/home/zach/src/AirSim/ros/src/airsim_car_ros_pkgs/include/airsim_ros_wrapper.h:51[m[K,
                 from [01m[K/home/zach/src/AirSim/ros/src/airsim_car_ros_pkgs/src/airsim_node.cpp:2[m[K:
[01m[K/opt/ros/melodic/include/tf2/LinearMath/Vector3.h:[m[K In function ‘[01m[Kvoid tf2::tf2SwapScalarEndian(const tf2Scalar&, tf2Scalar&)[m[K’:
[01m[K/opt/ros/melodic/include/tf2/LinearMath/Vector3.h:623:42:[m[K [01;35m[Kwarning: [m[Kuse of old-style cast to ‘[01m[Kunsigned char*[m[K’ [[01;35m[K-Wold-style-cast[m[K]
  unsigned char* dest = (unsigned char*) &[01;35m[KdestVal[m[K;
                                          [01;35m[K^~~~~~~[m[K
                        [31m[K-------------------------[m[K
                        [32m[Kreinterpret_cast<unsigned char*> ( &destVal)[m[K
[01m[K/opt/ros/melodic/include/tf2/LinearMath/Vector3.h:624:54:[m[K [01;35m[Kwarning: [m[Kuse of old-style cast to ‘[01m[Kconst unsigned char*[m[K’ [[01;35m[K-Wold-style-cast[m[K]
  const unsigned char* src  = (const unsigned char*) &[01;35m[KsourceVal[m[K;
                                                      [01;35m[K^~~~~~~~~[m[K
                              [31m[K-[m[K
                              [32m[Kreinterpret_cast<[m[K    [31m[K-[m[K
                                                   [32m[K> ([m[K         [32m[K)[m[K
In file included from [01m[K/opt/ros/melodic/include/tf2/LinearMath/Vector3.h:21[m[K,
                 from [01m[K/opt/ros/melodic/include/tf2/LinearMath/Matrix3x3.h:19[m[K,
                 from [01m[K/home/zach/src/AirSim/ros/src/airsim_car_ros_pkgs/include/airsim_ros_wrapper.h:51[m[K,
                 from [01m[K/home/zach/src/AirSim/ros/src/airsim_car_ros_pkgs/src/airsim_node.cpp:2[m[K:
[01m[K/opt/ros/melodic/include/tf2/LinearMath/Vector3.h:[m[K In function ‘[01m[Kvoid tf2::tf2PlaneSpace1(const tf2::Vector3&, tf2::Vector3&, tf2::Vector3&)[m[K’:
[01m[K/opt/ros/melodic/include/tf2/LinearMath/Scalar.h:199:74:[m[K [01;35m[Kwarning: [m[Kuse of old-style cast to ‘[01m[Ktf2Scalar[m[K’ {aka ‘[01m[Kdouble[m[K’} [[01;35m[K-Wold-style-cast[m[K]
 #define tf2RecipSqrt(x) ((tf2Scalar)(tf2Scalar(1.0)/tf2Sqrt(tf2Scalar(x))[01;35m[K)[m[K)  /* reciprocal square root */
                                                                          [01;35m[K^[m[K
[01m[K/opt/ros/melodic/include/tf2/LinearMath/Vector3.h:661:19:[m[K [01;36m[Knote: [m[Kin expansion of macro ‘[01m[Ktf2RecipSqrt[m[K’
     tf2Scalar k = [01;36m[Ktf2RecipSqrt[m[K (a);
                   [01;36m[K^~~~~~~~~~~~[m[K
[01m[K/opt/ros/melodic/include/tf2/LinearMath/Scalar.h:199:74:[m[K [01;35m[Kwarning: [m[Kuse of old-style cast to ‘[01m[Ktf2Scalar[m[K’ {aka ‘[01m[Kdouble[m[K’} [[01;35m[K-Wold-style-cast[m[K]
 #define tf2RecipSqrt(x) ((tf2Scalar)(tf2Scalar(1.0)/tf2Sqrt(tf2Scalar(x))[01;35m[K)[m[K)  /* reciprocal square root */
                                                                          [01;35m[K^[m[K
[01m[K/opt/ros/melodic/include/tf2/LinearMath/Vector3.h:669:19:[m[K [01;36m[Knote: [m[Kin expansion of macro ‘[01m[Ktf2RecipSqrt[m[K’
     tf2Scalar k = [01;36m[Ktf2RecipSqrt[m[K (a);
                   [01;36m[K^~~~~~~~~~~~[m[K
In file included from [01m[K/opt/ros/melodic/include/kdl/frames.hpp:129[m[K,
                 from [01m[K/opt/ros/melodic/include/tf2_geometry_msgs/tf2_geometry_msgs.h:47[m[K,
                 from [01m[K/home/zach/src/AirSim/ros/src/airsim_car_ros_pkgs/include/airsim_ros_wrapper.h:53[m[K,
                 from [01m[K/home/zach/src/AirSim/ros/src/airsim_car_ros_pkgs/src/airsim_node.cpp:2[m[K:
[01m[K/opt/ros/melodic/include/kdl/utilities/utility.h:[m[K In function ‘[01m[Kdouble KDL::Norm(double)[m[K’:
[01m[K/opt/ros/melodic/include/kdl/utilities/utility.h:251:27:[m[K [01;35m[Kwarning: [m[Kuse of old-style cast to ‘[01m[Kdouble[m[K’ [[01;35m[K-Wold-style-cast[m[K]
     return fabs(  (double)[01;35m[Karg[m[K );
                           [01;35m[K^~~[m[K
                   [31m[K-----------[m[K
                   [32m[Kstatic_cast<double> (arg)[m[K
In file included from [01m[K/home/zach/src/AirSim/ros/src/airsim_car_ros_pkgs/include/airsim_ros_wrapper.h:58[m[K,
                 from [01m[K/home/zach/src/AirSim/ros/src/airsim_car_ros_pkgs/src/airsim_node.cpp:2[m[K:
[01m[K/opt/ros/melodic/include/swri_roscpp/dynamic_parameters.h:[m[K In member function ‘[01m[Kbool swri::DynamicParameters::setConfigCallback(dynamic_reconfigure::Reconfigure::Request&, dynamic_reconfigure::Reconfigure::Response&)[m[K’:
[01m[K/opt/ros/melodic/include/swri_roscpp/dynamic_parameters.h:171:44:[m[K [01;35m[Kwarning: [m[Kuse of old-style cast to ‘[01m[Kfloat[m[K’ [[01;35m[K-Wold-style-cast[m[K]
           *iter->second.flt = (float)param.[01;35m[Kvalue[m[K;
                                            [01;35m[K^~~~~[m[K
                               [31m[K------------------[m[K
                               [32m[Kstatic_cast<float> (param.value)[m[K
In file included from [01m[K/home/zach/src/AirSim/ros/src/airsim_car_ros_pkgs/src/airsim_node.cpp:2[m[K:
[01m[K/home/zach/src/AirSim/ros/src/airsim_car_ros_pkgs/include/airsim_ros_wrapper.h:[m[K In constructor ‘[01m[KSimpleMatrix::SimpleMatrix(int, int, double*)[m[K’:
[01m[K/home/zach/src/AirSim/ros/src/airsim_car_ros_pkgs/include/airsim_ros_wrapper.h:78:2:[m[K [01;35m[Kwarning: [m[Kdeclaration of ‘[01m[Kdata[m[K’ shadows a member of ‘[01m[KSimpleMatrix[m[K’ [[01;35m[K-Wshadow[m[K]
  [01;35m[K:[m[K rows(rows), cols(cols), data(data)
  [01;35m[K^[m[K
[01m[K/home/zach/src/AirSim/ros/src/airsim_car_ros_pkgs/include/airsim_ros_wrapper.h:76:11:[m[K [01;36m[Knote: [m[Kshadowed declaration is here
   double* [01;36m[Kdata[m[K;
           [01;36m[K^~~~[m[K
[01m[K/home/zach/src/AirSim/ros/src/airsim_car_ros_pkgs/include/airsim_ros_wrapper.h:78:2:[m[K [01;35m[Kwarning: [m[Kdeclaration of ‘[01m[Kcols[m[K’ shadows a member of ‘[01m[KSimpleMatrix[m[K’ [[01;35m[K-Wshadow[m[K]
  [01;35m[K:[m[K rows(rows), cols(cols), data(data)
  [01;35m[K^[m[K
[01m[K/home/zach/src/AirSim/ros/src/airsim_car_ros_pkgs/include/airsim_ros_wrapper.h:75:7:[m[K [01;36m[Knote: [m[Kshadowed declaration is here
   int [01;36m[Kcols[m[K;
       [01;36m[K^~~~[m[K
[01m[K/home/zach/src/AirSim/ros/src/airsim_car_ros_pkgs/include/airsim_ros_wrapper.h:78:2:[m[K [01;35m[Kwarning: [m[Kdeclaration of ‘[01m[Krows[m[K’ shadows a member of ‘[01m[KSimpleMatrix[m[K’ [[01;35m[K-Wshadow[m[K]
  [01;35m[K:[m[K rows(rows), cols(cols), data(data)
  [01;35m[K^[m[K
[01m[K/home/zach/src/AirSim/ros/src/airsim_car_ros_pkgs/include/airsim_ros_wrapper.h:74:7:[m[K [01;36m[Knote: [m[Kshadowed declaration is here
   int [01;36m[Krows[m[K;
       [01;36m[K^~~~[m[K
