Determining if the pthread_create exist failed with the following output:
Change Dir: /home/zach/src/AirSim/ros/build/shell_simulation/CMakeFiles/CMakeTmp

Run Build Command:"/usr/bin/make" "cmTC_0330d/fast"
/usr/bin/make -f CMakeFiles/cmTC_0330d.dir/build.make CMakeFiles/cmTC_0330d.dir/build
make[1]: Entering directory '/home/zach/src/AirSim/ros/build/shell_simulation/CMakeFiles/CMakeTmp'
Building C object CMakeFiles/cmTC_0330d.dir/CheckSymbolExists.c.o
/usr/bin/gcc-8    -o CMakeFiles/cmTC_0330d.dir/CheckSymbolExists.c.o   -c /home/zach/src/AirSim/ros/build/shell_simulation/CMakeFiles/CMakeTmp/CheckSymbolExists.c
Linking C executable cmTC_0330d
/usr/bin/cmake -E cmake_link_script CMakeFiles/cmTC_0330d.dir/link.txt --verbose=1
/usr/bin/gcc-8      -rdynamic CMakeFiles/cmTC_0330d.dir/CheckSymbolExists.c.o  -o cmTC_0330d 
CMakeFiles/cmTC_0330d.dir/CheckSymbolExists.c.o: In function `main':
CheckSymbolExists.c:(.text+0x1b): undefined reference to `pthread_create'
collect2: error: ld returned 1 exit status
CMakeFiles/cmTC_0330d.dir/build.make:97: recipe for target 'cmTC_0330d' failed
make[1]: *** [cmTC_0330d] Error 1
make[1]: Leaving directory '/home/zach/src/AirSim/ros/build/shell_simulation/CMakeFiles/CMakeTmp'
Makefile:126: recipe for target 'cmTC_0330d/fast' failed
make: *** [cmTC_0330d/fast] Error 2

File /home/zach/src/AirSim/ros/build/shell_simulation/CMakeFiles/CMakeTmp/CheckSymbolExists.c:
/* */
#include <pthread.h>

int main(int argc, char** argv)
{
  (void)argv;
#ifndef pthread_create
  return ((int*)(&pthread_create))[argc];
#else
  (void)argc;
  return 0;
#endif
}

Determining if the function pthread_create exists in the pthreads failed with the following output:
Change Dir: /home/zach/src/AirSim/ros/build/shell_simulation/CMakeFiles/CMakeTmp

Run Build Command:"/usr/bin/make" "cmTC_86cff/fast"
/usr/bin/make -f CMakeFiles/cmTC_86cff.dir/build.make CMakeFiles/cmTC_86cff.dir/build
make[1]: Entering directory '/home/zach/src/AirSim/ros/build/shell_simulation/CMakeFiles/CMakeTmp'
Building C object CMakeFiles/cmTC_86cff.dir/CheckFunctionExists.c.o
/usr/bin/gcc-8   -DCHECK_FUNCTION_EXISTS=pthread_create   -o CMakeFiles/cmTC_86cff.dir/CheckFunctionExists.c.o   -c /usr/share/cmake-3.10/Modules/CheckFunctionExists.c
Linking C executable cmTC_86cff
/usr/bin/cmake -E cmake_link_script CMakeFiles/cmTC_86cff.dir/link.txt --verbose=1
/usr/bin/gcc-8  -DCHECK_FUNCTION_EXISTS=pthread_create    -rdynamic CMakeFiles/cmTC_86cff.dir/CheckFunctionExists.c.o  -o cmTC_86cff -lpthreads 
/usr/bin/ld: cannot find -lpthreads
collect2: error: ld returned 1 exit status
CMakeFiles/cmTC_86cff.dir/build.make:97: recipe for target 'cmTC_86cff' failed
make[1]: *** [cmTC_86cff] Error 1
make[1]: Leaving directory '/home/zach/src/AirSim/ros/build/shell_simulation/CMakeFiles/CMakeTmp'
Makefile:126: recipe for target 'cmTC_86cff/fast' failed
make: *** [cmTC_86cff/fast] Error 2


